Command line:
   TB_DIVIDER_isim_par.exe
     -simmode  gui
     -sdfmax  /uut/=netgen/par/DIVIDER_timesim.sdf
     -sdfroot  /uut
     -simrunnum  0
     -socket  53109

Fri May 29 18:47:47 2020


 Elaboration Time: 1.42188 sec

 Current Memory Usage: 5207.5 Meg

 Total Signals          : 8554
 Total Nets             : 5064
 Total Signal Drivers   : 4974
 Total Blocks           : 2577
 Total Primitive Blocks : 1333
 Total Processes        : 4973
 Total Traceable Variables  : 12267
 Total Scalar Nets and Variables : 46972
Total Line Count : 18149

 Total Simulation Time: 1.79688 sec

 Current Memory Usage: 5207.5 Meg

Fri May 29 18:48:14 2020

