Running: D:\Xilinx\14.7\ISE_DS\ISE\bin\nt64\unwrapped\fuse.exe -intstyle ise -incremental -o C:/Users/DAVO_/Desktop/PRJRL_2019-2020/PRJRL2020_new/TB_FS32_isim_beh.exe -prj C:/Users/DAVO_/Desktop/PRJRL_2019-2020/PRJRL2020_new/TB_FS32_beh.prj work.TB_FS32 
ISim P.20131013 (signature 0x7708f090)
Number of CPUs detected in this system: 4
Turning on mult-threading, number of parallel sub-compilation jobs: 8 
Determining compilation order of HDL files
Parsing VHDL file "C:/Users/DAVO_/Desktop/PRJRL_2019-2020/PRJRL2020_new/FS.vhd" into library work
Parsing VHDL file "C:/Users/DAVO_/Desktop/PRJRL_2019-2020/PRJRL2020_new/FS32.vhd" into library work
Parsing VHDL file "C:/Users/DAVO_/Desktop/PRJRL_2019-2020/PRJRL2020_new/TB_FS32.vhd" into library work
Starting static elaboration
Completed static elaboration
Compiling package standard
Compiling package std_logic_1164
Compiling architecture rtl of entity FS [fs_default]
Compiling architecture struct of entity FS32 [\FS32(32)\]
Compiling architecture behavior of entity tb_fs32
Time Resolution for simulation is 1ps.
Waiting for 1 sub-compilation(s) to finish...
Compiled 7 VHDL Units
Built simulation executable C:/Users/DAVO_/Desktop/PRJRL_2019-2020/PRJRL2020_new/TB_FS32_isim_beh.exe
Fuse Memory Usage: 29004 KB
Fuse CPU Usage: 905 ms
