Release 14.7 Map P.20131013 (nt64)
Xilinx Mapping Report File for Design 'DIVIDER'

Design Information
------------------
Command Line   : map -intstyle ise -p xc3s200-pq208-5 -cm area -ir off -pr off
-c 100 -o DIVIDER_map.ncd DIVIDER.ngd DIVIDER.pcf 
Target Device  : xc3s200
Target Package : pq208
Target Speed   : -5
Mapper Version : spartan3 -- $Revision: 1.55 $
Mapped Date    : Fri May 15 17:59:47 2020

Design Summary
--------------
Number of errors:      0
Number of warnings:    0
Logic Utilization:
  Number of Slice Flip Flops:           102 out of   3,840    2%
  Number of 4 input LUTs:               228 out of   3,840    5%
Logic Distribution:
  Number of occupied Slices:            167 out of   1,920    8%
    Number of Slices containing only related logic:     167 out of     167 100%
    Number of Slices containing unrelated logic:          0 out of     167   0%
      *See NOTES below for an explanation of the effects of unrelated logic.
  Total Number of 4 input LUTs:         228 out of   3,840    5%
  Number of bonded IOBs:                132 out of     141   93%
    IOB Flip Flops:                       1
  Number of BUFGMUXs:                     1 out of       8   12%

Average Fanout of Non-Clock Nets:                3.43

Peak Memory Usage:  4393 MB
Total REAL time to MAP completion:  1 secs 
Total CPU time to MAP completion:   1 secs 

NOTES:

   Related logic is defined as being logic that shares connectivity - e.g. two
   LUTs are "related" if they share common inputs.  When assembling slices,
   Map gives priority to combine logic that is related.  Doing so results in
   the best timing performance.

   Unrelated logic shares no connectivity.  Map will only begin packing
   unrelated logic into a slice once 99% of the slices are occupied through
   related logic packing.

   Note that once logic distribution reaches the 99% level through related
   logic packing, this does not mean the device is completely utilized.
   Unrelated logic packing will then begin, continuing until all usable LUTs
   and FFs are occupied.  Depending on your timing budget, increased levels of
   unrelated logic packing may adversely affect the overall timing performance
   of your design.

Table of Contents
-----------------
Section 1 - Errors
Section 2 - Warnings
Section 3 - Informational
Section 4 - Removed Logic Summary
Section 5 - Removed Logic
Section 6 - IOB Properties
Section 7 - RPMs
Section 8 - Guide Report
Section 9 - Area Group and Partition Summary
Section 10 - Timing Report
Section 11 - Configuration String Information
Section 12 - Control Set Information
Section 13 - Utilization by Hierarchy

Section 1 - Errors
------------------

Section 2 - Warnings
--------------------

Section 3 - Informational
-------------------------
INFO:LIT:243 - Logical network START has no load.
INFO:MapLib:562 - No environment variables are currently set.
INFO:LIT:244 - All of the single ended outputs in this design are using slew
   rate limited output drivers. The delay on speed critical single ended outputs
   can be dramatically reduced by designating them as fast outputs.

Section 4 - Removed Logic Summary
---------------------------------
   2 block(s) optimized away

Section 5 - Removed Logic
-------------------------

Optimized Block(s):
TYPE 		BLOCK
GND 		XST_GND
VCC 		XST_VCC

To enable printing of redundant blocks removed and signals merged, set the
detailed map report option and rerun map.

Section 6 - IOB Properties
--------------------------

+---------------------------------------------------------------------------------------------------------------------------------------------------------+
| IOB Name                           | Type             | Direction | IO Standard          | Diff  | Drive    | Slew | Reg (s)      | Resistor | IOB      |
|                                    |                  |           |                      | Term  | Strength | Rate |              |          | Delay    |
+---------------------------------------------------------------------------------------------------------------------------------------------------------+
| CLK                                | IOB              | INPUT     | LVCMOS25             |       |          |      |              |          |          |
| D<0>                               | IOB              | INPUT     | LVCMOS25             |       |          |      |              |          |          |
| D<1>                               | IOB              | INPUT     | LVCMOS25             |       |          |      |              |          |          |
| D<2>                               | IOB              | INPUT     | LVCMOS25             |       |          |      |              |          |          |
| D<3>                               | IOB              | INPUT     | LVCMOS25             |       |          |      |              |          |          |
| D<4>                               | IOB              | INPUT     | LVCMOS25             |       |          |      |              |          |          |
| D<5>                               | IOB              | INPUT     | LVCMOS25             |       |          |      |              |          |          |
| D<6>                               | IOB              | INPUT     | LVCMOS25             |       |          |      |              |          |          |
| D<7>                               | IOB              | INPUT     | LVCMOS25             |       |          |      |              |          |          |
| D<8>                               | IOB              | INPUT     | LVCMOS25             |       |          |      |              |          |          |
| D<9>                               | IOB              | INPUT     | LVCMOS25             |       |          |      |              |          |          |
| D<10>                              | IOB              | INPUT     | LVCMOS25             |       |          |      |              |          |          |
| D<11>                              | IOB              | INPUT     | LVCMOS25             |       |          |      |              |          |          |
| D<12>                              | IOB              | INPUT     | LVCMOS25             |       |          |      |              |          |          |
| D<13>                              | IOB              | INPUT     | LVCMOS25             |       |          |      |              |          |          |
| D<14>                              | IOB              | INPUT     | LVCMOS25             |       |          |      |              |          |          |
| D<15>                              | IOB              | INPUT     | LVCMOS25             |       |          |      |              |          |          |
| D<16>                              | IOB              | INPUT     | LVCMOS25             |       |          |      |              |          |          |
| D<17>                              | IOB              | INPUT     | LVCMOS25             |       |          |      |              |          |          |
| D<18>                              | IOB              | INPUT     | LVCMOS25             |       |          |      |              |          |          |
| D<19>                              | IOB              | INPUT     | LVCMOS25             |       |          |      |              |          |          |
| D<20>                              | IOB              | INPUT     | LVCMOS25             |       |          |      |              |          |          |
| D<21>                              | IOB              | INPUT     | LVCMOS25             |       |          |      |              |          |          |
| D<22>                              | IOB              | INPUT     | LVCMOS25             |       |          |      |              |          |          |
| D<23>                              | IOB              | INPUT     | LVCMOS25             |       |          |      |              |          |          |
| D<24>                              | IOB              | INPUT     | LVCMOS25             |       |          |      |              |          |          |
| D<25>                              | IOB              | INPUT     | LVCMOS25             |       |          |      |              |          |          |
| D<26>                              | IOB              | INPUT     | LVCMOS25             |       |          |      |              |          |          |
| D<27>                              | IOB              | INPUT     | LVCMOS25             |       |          |      |              |          |          |
| D<28>                              | IOB              | INPUT     | LVCMOS25             |       |          |      |              |          |          |
| D<29>                              | IOB              | INPUT     | LVCMOS25             |       |          |      |              |          |          |
| D<30>                              | IOB              | INPUT     | LVCMOS25             |       |          |      |              |          |          |
| D<31>                              | IOB              | INPUT     | LVCMOS25             |       |          |      |              |          |          |
| DONE                               | IOB              | OUTPUT    | LVCMOS25             |       | 12       | SLOW |              |          |          |
| ERROR                              | IOB              | OUTPUT    | LVCMOS25             |       | 12       | SLOW | OFF1         |          |          |
| N<0>                               | IOB              | INPUT     | LVCMOS25             |       |          |      |              |          |          |
| N<1>                               | IOB              | INPUT     | LVCMOS25             |       |          |      |              |          |          |
| N<2>                               | IOB              | INPUT     | LVCMOS25             |       |          |      |              |          |          |
| N<3>                               | IOB              | INPUT     | LVCMOS25             |       |          |      |              |          |          |
| N<4>                               | IOB              | INPUT     | LVCMOS25             |       |          |      |              |          |          |
| N<5>                               | IOB              | INPUT     | LVCMOS25             |       |          |      |              |          |          |
| N<6>                               | IOB              | INPUT     | LVCMOS25             |       |          |      |              |          |          |
| N<7>                               | IOB              | INPUT     | LVCMOS25             |       |          |      |              |          |          |
| N<8>                               | IOB              | INPUT     | LVCMOS25             |       |          |      |              |          |          |
| N<9>                               | IOB              | INPUT     | LVCMOS25             |       |          |      |              |          |          |
| N<10>                              | IOB              | INPUT     | LVCMOS25             |       |          |      |              |          |          |
| N<11>                              | IOB              | INPUT     | LVCMOS25             |       |          |      |              |          |          |
| N<12>                              | IOB              | INPUT     | LVCMOS25             |       |          |      |              |          |          |
| N<13>                              | IOB              | INPUT     | LVCMOS25             |       |          |      |              |          |          |
| N<14>                              | IOB              | INPUT     | LVCMOS25             |       |          |      |              |          |          |
| N<15>                              | IOB              | INPUT     | LVCMOS25             |       |          |      |              |          |          |
| N<16>                              | IOB              | INPUT     | LVCMOS25             |       |          |      |              |          |          |
| N<17>                              | IOB              | INPUT     | LVCMOS25             |       |          |      |              |          |          |
| N<18>                              | IOB              | INPUT     | LVCMOS25             |       |          |      |              |          |          |
| N<19>                              | IOB              | INPUT     | LVCMOS25             |       |          |      |              |          |          |
| N<20>                              | IOB              | INPUT     | LVCMOS25             |       |          |      |              |          |          |
| N<21>                              | IOB              | INPUT     | LVCMOS25             |       |          |      |              |          |          |
| N<22>                              | IOB              | INPUT     | LVCMOS25             |       |          |      |              |          |          |
| N<23>                              | IOB              | INPUT     | LVCMOS25             |       |          |      |              |          |          |
| N<24>                              | IOB              | INPUT     | LVCMOS25             |       |          |      |              |          |          |
| N<25>                              | IOB              | INPUT     | LVCMOS25             |       |          |      |              |          |          |
| N<26>                              | IOB              | INPUT     | LVCMOS25             |       |          |      |              |          |          |
| N<27>                              | IOB              | INPUT     | LVCMOS25             |       |          |      |              |          |          |
| N<28>                              | IOB              | INPUT     | LVCMOS25             |       |          |      |              |          |          |
| N<29>                              | IOB              | INPUT     | LVCMOS25             |       |          |      |              |          |          |
| N<30>                              | IOB              | INPUT     | LVCMOS25             |       |          |      |              |          |          |
| N<31>                              | IOB              | INPUT     | LVCMOS25             |       |          |      |              |          |          |
| Q<0>                               | IOB              | OUTPUT    | LVCMOS25             |       | 12       | SLOW |              |          |          |
| Q<1>                               | IOB              | OUTPUT    | LVCMOS25             |       | 12       | SLOW |              |          |          |
| Q<2>                               | IOB              | OUTPUT    | LVCMOS25             |       | 12       | SLOW |              |          |          |
| Q<3>                               | IOB              | OUTPUT    | LVCMOS25             |       | 12       | SLOW |              |          |          |
| Q<4>                               | IOB              | OUTPUT    | LVCMOS25             |       | 12       | SLOW |              |          |          |
| Q<5>                               | IOB              | OUTPUT    | LVCMOS25             |       | 12       | SLOW |              |          |          |
| Q<6>                               | IOB              | OUTPUT    | LVCMOS25             |       | 12       | SLOW |              |          |          |
| Q<7>                               | IOB              | OUTPUT    | LVCMOS25             |       | 12       | SLOW |              |          |          |
| Q<8>                               | IOB              | OUTPUT    | LVCMOS25             |       | 12       | SLOW |              |          |          |
| Q<9>                               | IOB              | OUTPUT    | LVCMOS25             |       | 12       | SLOW |              |          |          |
| Q<10>                              | IOB              | OUTPUT    | LVCMOS25             |       | 12       | SLOW |              |          |          |
| Q<11>                              | IOB              | OUTPUT    | LVCMOS25             |       | 12       | SLOW |              |          |          |
| Q<12>                              | IOB              | OUTPUT    | LVCMOS25             |       | 12       | SLOW |              |          |          |
| Q<13>                              | IOB              | OUTPUT    | LVCMOS25             |       | 12       | SLOW |              |          |          |
| Q<14>                              | IOB              | OUTPUT    | LVCMOS25             |       | 12       | SLOW |              |          |          |
| Q<15>                              | IOB              | OUTPUT    | LVCMOS25             |       | 12       | SLOW |              |          |          |
| Q<16>                              | IOB              | OUTPUT    | LVCMOS25             |       | 12       | SLOW |              |          |          |
| Q<17>                              | IOB              | OUTPUT    | LVCMOS25             |       | 12       | SLOW |              |          |          |
| Q<18>                              | IOB              | OUTPUT    | LVCMOS25             |       | 12       | SLOW |              |          |          |
| Q<19>                              | IOB              | OUTPUT    | LVCMOS25             |       | 12       | SLOW |              |          |          |
| Q<20>                              | IOB              | OUTPUT    | LVCMOS25             |       | 12       | SLOW |              |          |          |
| Q<21>                              | IOB              | OUTPUT    | LVCMOS25             |       | 12       | SLOW |              |          |          |
| Q<22>                              | IOB              | OUTPUT    | LVCMOS25             |       | 12       | SLOW |              |          |          |
| Q<23>                              | IOB              | OUTPUT    | LVCMOS25             |       | 12       | SLOW |              |          |          |
| Q<24>                              | IOB              | OUTPUT    | LVCMOS25             |       | 12       | SLOW |              |          |          |
| Q<25>                              | IOB              | OUTPUT    | LVCMOS25             |       | 12       | SLOW |              |          |          |
| Q<26>                              | IOB              | OUTPUT    | LVCMOS25             |       | 12       | SLOW |              |          |          |
| Q<27>                              | IOB              | OUTPUT    | LVCMOS25             |       | 12       | SLOW |              |          |          |
| Q<28>                              | IOB              | OUTPUT    | LVCMOS25             |       | 12       | SLOW |              |          |          |
| Q<29>                              | IOB              | OUTPUT    | LVCMOS25             |       | 12       | SLOW |              |          |          |
| Q<30>                              | IOB              | OUTPUT    | LVCMOS25             |       | 12       | SLOW |              |          |          |
| Q<31>                              | IOB              | OUTPUT    | LVCMOS25             |       | 12       | SLOW |              |          |          |
| R<0>                               | IOB              | OUTPUT    | LVCMOS25             |       | 12       | SLOW |              |          |          |
| R<1>                               | IOB              | OUTPUT    | LVCMOS25             |       | 12       | SLOW |              |          |          |
| R<2>                               | IOB              | OUTPUT    | LVCMOS25             |       | 12       | SLOW |              |          |          |
| R<3>                               | IOB              | OUTPUT    | LVCMOS25             |       | 12       | SLOW |              |          |          |
| R<4>                               | IOB              | OUTPUT    | LVCMOS25             |       | 12       | SLOW |              |          |          |
| R<5>                               | IOB              | OUTPUT    | LVCMOS25             |       | 12       | SLOW |              |          |          |
| R<6>                               | IOB              | OUTPUT    | LVCMOS25             |       | 12       | SLOW |              |          |          |
| R<7>                               | IOB              | OUTPUT    | LVCMOS25             |       | 12       | SLOW |              |          |          |
| R<8>                               | IOB              | OUTPUT    | LVCMOS25             |       | 12       | SLOW |              |          |          |
| R<9>                               | IOB              | OUTPUT    | LVCMOS25             |       | 12       | SLOW |              |          |          |
| R<10>                              | IOB              | OUTPUT    | LVCMOS25             |       | 12       | SLOW |              |          |          |
| R<11>                              | IOB              | OUTPUT    | LVCMOS25             |       | 12       | SLOW |              |          |          |
| R<12>                              | IOB              | OUTPUT    | LVCMOS25             |       | 12       | SLOW |              |          |          |
| R<13>                              | IOB              | OUTPUT    | LVCMOS25             |       | 12       | SLOW |              |          |          |
| R<14>                              | IOB              | OUTPUT    | LVCMOS25             |       | 12       | SLOW |              |          |          |
| R<15>                              | IOB              | OUTPUT    | LVCMOS25             |       | 12       | SLOW |              |          |          |
| R<16>                              | IOB              | OUTPUT    | LVCMOS25             |       | 12       | SLOW |              |          |          |
| R<17>                              | IOB              | OUTPUT    | LVCMOS25             |       | 12       | SLOW |              |          |          |
| R<18>                              | IOB              | OUTPUT    | LVCMOS25             |       | 12       | SLOW |              |          |          |
| R<19>                              | IOB              | OUTPUT    | LVCMOS25             |       | 12       | SLOW |              |          |          |
| R<20>                              | IOB              | OUTPUT    | LVCMOS25             |       | 12       | SLOW |              |          |          |
| R<21>                              | IOB              | OUTPUT    | LVCMOS25             |       | 12       | SLOW |              |          |          |
| R<22>                              | IOB              | OUTPUT    | LVCMOS25             |       | 12       | SLOW |              |          |          |
| R<23>                              | IOB              | OUTPUT    | LVCMOS25             |       | 12       | SLOW |              |          |          |
| R<24>                              | IOB              | OUTPUT    | LVCMOS25             |       | 12       | SLOW |              |          |          |
| R<25>                              | IOB              | OUTPUT    | LVCMOS25             |       | 12       | SLOW |              |          |          |
| R<26>                              | IOB              | OUTPUT    | LVCMOS25             |       | 12       | SLOW |              |          |          |
| R<27>                              | IOB              | OUTPUT    | LVCMOS25             |       | 12       | SLOW |              |          |          |
| R<28>                              | IOB              | OUTPUT    | LVCMOS25             |       | 12       | SLOW |              |          |          |
| R<29>                              | IOB              | OUTPUT    | LVCMOS25             |       | 12       | SLOW |              |          |          |
| R<30>                              | IOB              | OUTPUT    | LVCMOS25             |       | 12       | SLOW |              |          |          |
| R<31>                              | IOB              | OUTPUT    | LVCMOS25             |       | 12       | SLOW |              |          |          |
| RESET                              | IOB              | INPUT     | LVCMOS25             |       |          |      |              |          |          |
+---------------------------------------------------------------------------------------------------------------------------------------------------------+

Section 7 - RPMs
----------------

Section 8 - Guide Report
------------------------
Guide not run on this design.

Section 9 - Area Group and Partition Summary
--------------------------------------------

Partition Implementation Status
-------------------------------

  No Partitions were found in this design.

-------------------------------

Area Group Information
----------------------

  No area groups were found in this design.

----------------------

Section 10 - Timing Report
--------------------------
This design was not run using timing mode.

Section 11 - Configuration String Details
-----------------------------------------
Use the "-detail" map option to print out Configuration Strings

Section 12 - Control Set Information
------------------------------------
No control set information for this architecture.

Section 13 - Utilization by Hierarchy
-------------------------------------
Use the "-detail" map option to print out the Utilization by Hierarchy section.
