--------------------------------------------------------------------------------
Release 14.7 Trace  (nt64)
Copyright (c) 1995-2013 Xilinx, Inc.  All rights reserved.

C:\Xilinx\14.7\ISE_DS\ISE\bin\nt64\unwrapped\trce.exe -intstyle ise -v 3 -s 5
-n 3 -fastpaths -xml FS32.twx FS32.ncd -o FS32.twr FS32.pcf

Design file:              FS32.ncd
Physical constraint file: FS32.pcf
Device,package,speed:     xc3s50,pq208,-5 (PRODUCTION 1.39 2013-10-13)
Report level:             verbose report

Environment Variable      Effect 
--------------------      ------ 
NONE                      No environment variables were set
--------------------------------------------------------------------------------

INFO:Timing:2698 - No timing constraints found, doing default enumeration.
INFO:Timing:3412 - To improve timing, see the Timing Closure User Guide (UG612).
INFO:Timing:2752 - To get complete path coverage, use the unconstrained paths 
   option. All paths that are not constrained will be reported in the 
   unconstrained paths section(s) of the report.
INFO:Timing:3339 - The clock-to-out numbers in this timing report are based on 
   a 50 Ohm transmission line loading model.  For the details of this model, 
   and for more information on accounting for different loading conditions, 
   please see the device datasheet.
INFO:Timing:3390 - This architecture does not support a default System Jitter 
   value, please add SYSTEM_JITTER constraint to the UCF to modify the Clock 
   Uncertainty calculation.
INFO:Timing:3389 - This architecture does not support 'Discrete Jitter' and 
   'Phase Error' calculations, these terms will be zero in the Clock 
   Uncertainty calculation.  Please make appropriate modification to 
   SYSTEM_JITTER to account for the unsupported Discrete Jitter and Phase 
   Error.



Data Sheet report:
-----------------
All values displayed in nanoseconds (ns)

Pad to Pad
---------------+---------------+---------+
Source Pad     |Destination Pad|  Delay  |
---------------+---------------+---------+
A<0>           |B0             |   34.809|
A<0>           |D<0>           |    7.904|
A<0>           |D<1>           |    8.495|
A<0>           |D<2>           |    9.148|
A<0>           |D<3>           |   10.399|
A<0>           |D<4>           |   11.528|
A<0>           |D<5>           |   12.371|
A<0>           |D<6>           |   13.444|
A<0>           |D<7>           |   13.263|
A<0>           |D<8>           |   14.334|
A<0>           |D<9>           |   15.497|
A<0>           |D<10>          |   15.900|
A<0>           |D<11>          |   15.945|
A<0>           |D<12>          |   17.460|
A<0>           |D<13>          |   17.817|
A<0>           |D<14>          |   19.981|
A<0>           |D<15>          |   21.929|
A<0>           |D<16>          |   22.396|
A<0>           |D<17>          |   23.179|
A<0>           |D<18>          |   23.876|
A<0>           |D<19>          |   24.606|
A<0>           |D<20>          |   25.679|
A<0>           |D<21>          |   26.374|
A<0>           |D<22>          |   27.690|
A<0>           |D<23>          |   28.841|
A<0>           |D<24>          |   29.549|
A<0>           |D<25>          |   29.575|
A<0>           |D<26>          |   30.610|
A<0>           |D<27>          |   31.712|
A<0>           |D<28>          |   31.945|
A<0>           |D<29>          |   33.324|
A<0>           |D<30>          |   33.514|
A<0>           |D<31>          |   35.424|
A<1>           |B0             |   33.684|
A<1>           |D<1>           |    7.009|
A<1>           |D<2>           |    8.023|
A<1>           |D<3>           |    9.274|
A<1>           |D<4>           |   10.403|
A<1>           |D<5>           |   11.246|
A<1>           |D<6>           |   12.319|
A<1>           |D<7>           |   12.138|
A<1>           |D<8>           |   13.209|
A<1>           |D<9>           |   14.372|
A<1>           |D<10>          |   14.775|
A<1>           |D<11>          |   14.820|
A<1>           |D<12>          |   16.335|
A<1>           |D<13>          |   16.692|
A<1>           |D<14>          |   18.856|
A<1>           |D<15>          |   20.804|
A<1>           |D<16>          |   21.271|
A<1>           |D<17>          |   22.054|
A<1>           |D<18>          |   22.751|
A<1>           |D<19>          |   23.481|
A<1>           |D<20>          |   24.554|
A<1>           |D<21>          |   25.249|
A<1>           |D<22>          |   26.565|
A<1>           |D<23>          |   27.716|
A<1>           |D<24>          |   28.424|
A<1>           |D<25>          |   28.450|
A<1>           |D<26>          |   29.485|
A<1>           |D<27>          |   30.587|
A<1>           |D<28>          |   30.820|
A<1>           |D<29>          |   32.199|
A<1>           |D<30>          |   32.389|
A<1>           |D<31>          |   34.299|
A<2>           |B0             |   32.615|
A<2>           |D<2>           |    6.981|
A<2>           |D<3>           |    8.205|
A<2>           |D<4>           |    9.334|
A<2>           |D<5>           |   10.177|
A<2>           |D<6>           |   11.250|
A<2>           |D<7>           |   11.069|
A<2>           |D<8>           |   12.140|
A<2>           |D<9>           |   13.303|
A<2>           |D<10>          |   13.706|
A<2>           |D<11>          |   13.751|
A<2>           |D<12>          |   15.266|
A<2>           |D<13>          |   15.623|
A<2>           |D<14>          |   17.787|
A<2>           |D<15>          |   19.735|
A<2>           |D<16>          |   20.202|
A<2>           |D<17>          |   20.985|
A<2>           |D<18>          |   21.682|
A<2>           |D<19>          |   22.412|
A<2>           |D<20>          |   23.485|
A<2>           |D<21>          |   24.180|
A<2>           |D<22>          |   25.496|
A<2>           |D<23>          |   26.647|
A<2>           |D<24>          |   27.355|
A<2>           |D<25>          |   27.381|
A<2>           |D<26>          |   28.416|
A<2>           |D<27>          |   29.518|
A<2>           |D<28>          |   29.751|
A<2>           |D<29>          |   31.130|
A<2>           |D<30>          |   31.320|
A<2>           |D<31>          |   33.230|
A<3>           |B0             |   31.991|
A<3>           |D<3>           |    7.283|
A<3>           |D<4>           |    8.710|
A<3>           |D<5>           |    9.553|
A<3>           |D<6>           |   10.626|
A<3>           |D<7>           |   10.445|
A<3>           |D<8>           |   11.516|
A<3>           |D<9>           |   12.679|
A<3>           |D<10>          |   13.082|
A<3>           |D<11>          |   13.127|
A<3>           |D<12>          |   14.642|
A<3>           |D<13>          |   14.999|
A<3>           |D<14>          |   17.163|
A<3>           |D<15>          |   19.111|
A<3>           |D<16>          |   19.578|
A<3>           |D<17>          |   20.361|
A<3>           |D<18>          |   21.058|
A<3>           |D<19>          |   21.788|
A<3>           |D<20>          |   22.861|
A<3>           |D<21>          |   23.556|
A<3>           |D<22>          |   24.872|
A<3>           |D<23>          |   26.023|
A<3>           |D<24>          |   26.731|
A<3>           |D<25>          |   26.757|
A<3>           |D<26>          |   27.792|
A<3>           |D<27>          |   28.894|
A<3>           |D<28>          |   29.127|
A<3>           |D<29>          |   30.506|
A<3>           |D<30>          |   30.696|
A<3>           |D<31>          |   32.606|
A<4>           |B0             |   31.779|
A<4>           |D<4>           |    8.115|
A<4>           |D<5>           |    9.341|
A<4>           |D<6>           |   10.414|
A<4>           |D<7>           |   10.233|
A<4>           |D<8>           |   11.304|
A<4>           |D<9>           |   12.467|
A<4>           |D<10>          |   12.870|
A<4>           |D<11>          |   12.915|
A<4>           |D<12>          |   14.430|
A<4>           |D<13>          |   14.787|
A<4>           |D<14>          |   16.951|
A<4>           |D<15>          |   18.899|
A<4>           |D<16>          |   19.366|
A<4>           |D<17>          |   20.149|
A<4>           |D<18>          |   20.846|
A<4>           |D<19>          |   21.576|
A<4>           |D<20>          |   22.649|
A<4>           |D<21>          |   23.344|
A<4>           |D<22>          |   24.660|
A<4>           |D<23>          |   25.811|
A<4>           |D<24>          |   26.519|
A<4>           |D<25>          |   26.545|
A<4>           |D<26>          |   27.580|
A<4>           |D<27>          |   28.682|
A<4>           |D<28>          |   28.915|
A<4>           |D<29>          |   30.294|
A<4>           |D<30>          |   30.484|
A<4>           |D<31>          |   32.394|
A<5>           |B0             |   31.049|
A<5>           |D<5>           |    8.204|
A<5>           |D<6>           |    9.684|
A<5>           |D<7>           |    9.503|
A<5>           |D<8>           |   10.574|
A<5>           |D<9>           |   11.737|
A<5>           |D<10>          |   12.140|
A<5>           |D<11>          |   12.185|
A<5>           |D<12>          |   13.700|
A<5>           |D<13>          |   14.057|
A<5>           |D<14>          |   16.221|
A<5>           |D<15>          |   18.169|
A<5>           |D<16>          |   18.636|
A<5>           |D<17>          |   19.419|
A<5>           |D<18>          |   20.116|
A<5>           |D<19>          |   20.846|
A<5>           |D<20>          |   21.919|
A<5>           |D<21>          |   22.614|
A<5>           |D<22>          |   23.930|
A<5>           |D<23>          |   25.081|
A<5>           |D<24>          |   25.789|
A<5>           |D<25>          |   25.815|
A<5>           |D<26>          |   26.850|
A<5>           |D<27>          |   27.952|
A<5>           |D<28>          |   28.185|
A<5>           |D<29>          |   29.564|
A<5>           |D<30>          |   29.754|
A<5>           |D<31>          |   31.664|
A<6>           |B0             |   29.844|
A<6>           |D<6>           |    8.206|
A<6>           |D<7>           |    8.298|
A<6>           |D<8>           |    9.369|
A<6>           |D<9>           |   10.532|
A<6>           |D<10>          |   10.935|
A<6>           |D<11>          |   10.980|
A<6>           |D<12>          |   12.495|
A<6>           |D<13>          |   12.852|
A<6>           |D<14>          |   15.016|
A<6>           |D<15>          |   16.964|
A<6>           |D<16>          |   17.431|
A<6>           |D<17>          |   18.214|
A<6>           |D<18>          |   18.911|
A<6>           |D<19>          |   19.641|
A<6>           |D<20>          |   20.714|
A<6>           |D<21>          |   21.409|
A<6>           |D<22>          |   22.725|
A<6>           |D<23>          |   23.876|
A<6>           |D<24>          |   24.584|
A<6>           |D<25>          |   24.610|
A<6>           |D<26>          |   25.645|
A<6>           |D<27>          |   26.747|
A<6>           |D<28>          |   26.980|
A<6>           |D<29>          |   28.359|
A<6>           |D<30>          |   28.549|
A<6>           |D<31>          |   30.459|
A<7>           |B0             |   29.807|
A<7>           |D<7>           |    8.246|
A<7>           |D<8>           |    9.332|
A<7>           |D<9>           |   10.495|
A<7>           |D<10>          |   10.898|
A<7>           |D<11>          |   10.943|
A<7>           |D<12>          |   12.458|
A<7>           |D<13>          |   12.815|
A<7>           |D<14>          |   14.979|
A<7>           |D<15>          |   16.927|
A<7>           |D<16>          |   17.394|
A<7>           |D<17>          |   18.177|
A<7>           |D<18>          |   18.874|
A<7>           |D<19>          |   19.604|
A<7>           |D<20>          |   20.677|
A<7>           |D<21>          |   21.372|
A<7>           |D<22>          |   22.688|
A<7>           |D<23>          |   23.839|
A<7>           |D<24>          |   24.547|
A<7>           |D<25>          |   24.573|
A<7>           |D<26>          |   25.608|
A<7>           |D<27>          |   26.710|
A<7>           |D<28>          |   26.943|
A<7>           |D<29>          |   28.322|
A<7>           |D<30>          |   28.512|
A<7>           |D<31>          |   30.422|
A<8>           |B0             |   28.340|
A<8>           |D<8>           |    7.865|
A<8>           |D<9>           |    9.028|
A<8>           |D<10>          |    9.431|
A<8>           |D<11>          |    9.476|
A<8>           |D<12>          |   10.991|
A<8>           |D<13>          |   11.348|
A<8>           |D<14>          |   13.512|
A<8>           |D<15>          |   15.460|
A<8>           |D<16>          |   15.927|
A<8>           |D<17>          |   16.710|
A<8>           |D<18>          |   17.407|
A<8>           |D<19>          |   18.137|
A<8>           |D<20>          |   19.210|
A<8>           |D<21>          |   19.905|
A<8>           |D<22>          |   21.221|
A<8>           |D<23>          |   22.372|
A<8>           |D<24>          |   23.080|
A<8>           |D<25>          |   23.106|
A<8>           |D<26>          |   24.141|
A<8>           |D<27>          |   25.243|
A<8>           |D<28>          |   25.476|
A<8>           |D<29>          |   26.855|
A<8>           |D<30>          |   27.045|
A<8>           |D<31>          |   28.955|
A<9>           |B0             |   27.618|
A<9>           |D<9>           |    8.322|
A<9>           |D<10>          |    8.709|
A<9>           |D<11>          |    8.754|
A<9>           |D<12>          |   10.269|
A<9>           |D<13>          |   10.626|
A<9>           |D<14>          |   12.790|
A<9>           |D<15>          |   14.738|
A<9>           |D<16>          |   15.205|
A<9>           |D<17>          |   15.988|
A<9>           |D<18>          |   16.685|
A<9>           |D<19>          |   17.415|
A<9>           |D<20>          |   18.488|
A<9>           |D<21>          |   19.183|
A<9>           |D<22>          |   20.499|
A<9>           |D<23>          |   21.650|
A<9>           |D<24>          |   22.358|
A<9>           |D<25>          |   22.384|
A<9>           |D<26>          |   23.419|
A<9>           |D<27>          |   24.521|
A<9>           |D<28>          |   24.754|
A<9>           |D<29>          |   26.133|
A<9>           |D<30>          |   26.323|
A<9>           |D<31>          |   28.233|
A<10>          |B0             |   26.786|
A<10>          |D<10>          |    7.783|
A<10>          |D<11>          |    7.922|
A<10>          |D<12>          |    9.437|
A<10>          |D<13>          |    9.794|
A<10>          |D<14>          |   11.958|
A<10>          |D<15>          |   13.906|
A<10>          |D<16>          |   14.373|
A<10>          |D<17>          |   15.156|
A<10>          |D<18>          |   15.853|
A<10>          |D<19>          |   16.583|
A<10>          |D<20>          |   17.656|
A<10>          |D<21>          |   18.351|
A<10>          |D<22>          |   19.667|
A<10>          |D<23>          |   20.818|
A<10>          |D<24>          |   21.526|
A<10>          |D<25>          |   21.552|
A<10>          |D<26>          |   22.587|
A<10>          |D<27>          |   23.689|
A<10>          |D<28>          |   23.922|
A<10>          |D<29>          |   25.301|
A<10>          |D<30>          |   25.491|
A<10>          |D<31>          |   27.401|
A<11>          |B0             |   26.055|
A<11>          |D<11>          |    7.535|
A<11>          |D<12>          |    8.706|
A<11>          |D<13>          |    9.063|
A<11>          |D<14>          |   11.227|
A<11>          |D<15>          |   13.175|
A<11>          |D<16>          |   13.642|
A<11>          |D<17>          |   14.425|
A<11>          |D<18>          |   15.122|
A<11>          |D<19>          |   15.852|
A<11>          |D<20>          |   16.925|
A<11>          |D<21>          |   17.620|
A<11>          |D<22>          |   18.936|
A<11>          |D<23>          |   20.087|
A<11>          |D<24>          |   20.795|
A<11>          |D<25>          |   20.821|
A<11>          |D<26>          |   21.856|
A<11>          |D<27>          |   22.958|
A<11>          |D<28>          |   23.191|
A<11>          |D<29>          |   24.570|
A<11>          |D<30>          |   24.760|
A<11>          |D<31>          |   26.670|
A<12>          |B0             |   24.817|
A<12>          |D<12>          |    7.851|
A<12>          |D<13>          |    7.825|
A<12>          |D<14>          |    9.989|
A<12>          |D<15>          |   11.937|
A<12>          |D<16>          |   12.404|
A<12>          |D<17>          |   13.187|
A<12>          |D<18>          |   13.884|
A<12>          |D<19>          |   14.614|
A<12>          |D<20>          |   15.687|
A<12>          |D<21>          |   16.382|
A<12>          |D<22>          |   17.698|
A<12>          |D<23>          |   18.849|
A<12>          |D<24>          |   19.557|
A<12>          |D<25>          |   19.583|
A<12>          |D<26>          |   20.618|
A<12>          |D<27>          |   21.720|
A<12>          |D<28>          |   21.953|
A<12>          |D<29>          |   23.332|
A<12>          |D<30>          |   23.522|
A<12>          |D<31>          |   25.432|
A<13>          |B0             |   24.292|
A<13>          |D<13>          |    7.295|
A<13>          |D<14>          |    9.464|
A<13>          |D<15>          |   11.412|
A<13>          |D<16>          |   11.879|
A<13>          |D<17>          |   12.662|
A<13>          |D<18>          |   13.359|
A<13>          |D<19>          |   14.089|
A<13>          |D<20>          |   15.162|
A<13>          |D<21>          |   15.857|
A<13>          |D<22>          |   17.173|
A<13>          |D<23>          |   18.324|
A<13>          |D<24>          |   19.032|
A<13>          |D<25>          |   19.058|
A<13>          |D<26>          |   20.093|
A<13>          |D<27>          |   21.195|
A<13>          |D<28>          |   21.428|
A<13>          |D<29>          |   22.807|
A<13>          |D<30>          |   22.997|
A<13>          |D<31>          |   24.907|
A<14>          |B0             |   23.198|
A<14>          |D<14>          |    8.344|
A<14>          |D<15>          |   10.318|
A<14>          |D<16>          |   10.785|
A<14>          |D<17>          |   11.568|
A<14>          |D<18>          |   12.265|
A<14>          |D<19>          |   12.995|
A<14>          |D<20>          |   14.068|
A<14>          |D<21>          |   14.763|
A<14>          |D<22>          |   16.079|
A<14>          |D<23>          |   17.230|
A<14>          |D<24>          |   17.938|
A<14>          |D<25>          |   17.964|
A<14>          |D<26>          |   18.999|
A<14>          |D<27>          |   20.101|
A<14>          |D<28>          |   20.334|
A<14>          |D<29>          |   21.713|
A<14>          |D<30>          |   21.903|
A<14>          |D<31>          |   23.813|
A<15>          |B0             |   22.354|
A<15>          |D<15>          |    8.791|
A<15>          |D<16>          |    9.941|
A<15>          |D<17>          |   10.724|
A<15>          |D<18>          |   11.421|
A<15>          |D<19>          |   12.151|
A<15>          |D<20>          |   13.224|
A<15>          |D<21>          |   13.919|
A<15>          |D<22>          |   15.235|
A<15>          |D<23>          |   16.386|
A<15>          |D<24>          |   17.094|
A<15>          |D<25>          |   17.120|
A<15>          |D<26>          |   18.155|
A<15>          |D<27>          |   19.257|
A<15>          |D<28>          |   19.490|
A<15>          |D<29>          |   20.869|
A<15>          |D<30>          |   21.059|
A<15>          |D<31>          |   22.969|
A<16>          |B0             |   21.397|
A<16>          |D<16>          |    8.906|
A<16>          |D<17>          |    9.767|
A<16>          |D<18>          |   10.464|
A<16>          |D<19>          |   11.194|
A<16>          |D<20>          |   12.267|
A<16>          |D<21>          |   12.962|
A<16>          |D<22>          |   14.278|
A<16>          |D<23>          |   15.429|
A<16>          |D<24>          |   16.137|
A<16>          |D<25>          |   16.163|
A<16>          |D<26>          |   17.198|
A<16>          |D<27>          |   18.300|
A<16>          |D<28>          |   18.533|
A<16>          |D<29>          |   19.912|
A<16>          |D<30>          |   20.102|
A<16>          |D<31>          |   22.012|
A<17>          |B0             |   20.692|
A<17>          |D<17>          |    9.136|
A<17>          |D<18>          |    9.759|
A<17>          |D<19>          |   10.489|
A<17>          |D<20>          |   11.562|
A<17>          |D<21>          |   12.257|
A<17>          |D<22>          |   13.573|
A<17>          |D<23>          |   14.724|
A<17>          |D<24>          |   15.432|
A<17>          |D<25>          |   15.458|
A<17>          |D<26>          |   16.493|
A<17>          |D<27>          |   17.595|
A<17>          |D<28>          |   17.828|
A<17>          |D<29>          |   19.207|
A<17>          |D<30>          |   19.397|
A<17>          |D<31>          |   21.307|
A<18>          |B0             |   19.927|
A<18>          |D<18>          |    8.994|
A<18>          |D<19>          |    9.724|
A<18>          |D<20>          |   10.797|
A<18>          |D<21>          |   11.492|
A<18>          |D<22>          |   12.808|
A<18>          |D<23>          |   13.959|
A<18>          |D<24>          |   14.667|
A<18>          |D<25>          |   14.693|
A<18>          |D<26>          |   15.728|
A<18>          |D<27>          |   16.830|
A<18>          |D<28>          |   17.063|
A<18>          |D<29>          |   18.442|
A<18>          |D<30>          |   18.632|
A<18>          |D<31>          |   20.542|
A<19>          |B0             |   18.365|
A<19>          |D<19>          |    8.222|
A<19>          |D<20>          |    9.235|
A<19>          |D<21>          |    9.930|
A<19>          |D<22>          |   11.246|
A<19>          |D<23>          |   12.397|
A<19>          |D<24>          |   13.105|
A<19>          |D<25>          |   13.131|
A<19>          |D<26>          |   14.166|
A<19>          |D<27>          |   15.268|
A<19>          |D<28>          |   15.501|
A<19>          |D<29>          |   16.880|
A<19>          |D<30>          |   17.070|
A<19>          |D<31>          |   18.980|
A<20>          |B0             |   16.683|
A<20>          |D<20>          |    8.122|
A<20>          |D<21>          |    8.248|
A<20>          |D<22>          |    9.564|
A<20>          |D<23>          |   10.715|
A<20>          |D<24>          |   11.423|
A<20>          |D<25>          |   11.449|
A<20>          |D<26>          |   12.484|
A<20>          |D<27>          |   13.586|
A<20>          |D<28>          |   13.819|
A<20>          |D<29>          |   15.198|
A<20>          |D<30>          |   15.388|
A<20>          |D<31>          |   17.298|
A<21>          |B0             |   16.644|
A<21>          |D<21>          |    8.148|
A<21>          |D<22>          |    9.525|
A<21>          |D<23>          |   10.676|
A<21>          |D<24>          |   11.384|
A<21>          |D<25>          |   11.410|
A<21>          |D<26>          |   12.445|
A<21>          |D<27>          |   13.547|
A<21>          |D<28>          |   13.780|
A<21>          |D<29>          |   15.159|
A<21>          |D<30>          |   15.349|
A<21>          |D<31>          |   17.259|
A<22>          |B0             |   15.515|
A<22>          |D<22>          |    8.656|
A<22>          |D<23>          |    9.547|
A<22>          |D<24>          |   10.255|
A<22>          |D<25>          |   10.281|
A<22>          |D<26>          |   11.316|
A<22>          |D<27>          |   12.418|
A<22>          |D<28>          |   12.651|
A<22>          |D<29>          |   14.030|
A<22>          |D<30>          |   14.220|
A<22>          |D<31>          |   16.130|
A<23>          |B0             |   14.967|
A<23>          |D<23>          |    8.323|
A<23>          |D<24>          |    9.707|
A<23>          |D<25>          |    9.733|
A<23>          |D<26>          |   10.768|
A<23>          |D<27>          |   11.870|
A<23>          |D<28>          |   12.103|
A<23>          |D<29>          |   13.482|
A<23>          |D<30>          |   13.672|
A<23>          |D<31>          |   15.582|
A<24>          |B0             |   14.984|
A<24>          |D<24>          |    9.107|
A<24>          |D<25>          |    9.750|
A<24>          |D<26>          |   10.785|
A<24>          |D<27>          |   11.887|
A<24>          |D<28>          |   12.120|
A<24>          |D<29>          |   13.499|
A<24>          |D<30>          |   13.689|
A<24>          |D<31>          |   15.599|
A<25>          |B0             |   13.706|
A<25>          |D<25>          |    8.047|
A<25>          |D<26>          |    9.507|
A<25>          |D<27>          |   10.609|
A<25>          |D<28>          |   10.842|
A<25>          |D<29>          |   12.221|
A<25>          |D<30>          |   12.411|
A<25>          |D<31>          |   14.321|
A<26>          |B0             |   12.888|
A<26>          |D<26>          |    8.299|
A<26>          |D<27>          |    9.791|
A<26>          |D<28>          |   10.024|
A<26>          |D<29>          |   11.403|
A<26>          |D<30>          |   11.593|
A<26>          |D<31>          |   13.503|
A<27>          |B0             |   11.821|
A<27>          |D<27>          |    8.895|
A<27>          |D<28>          |    8.957|
A<27>          |D<29>          |   10.336|
A<27>          |D<30>          |   10.526|
A<27>          |D<31>          |   12.436|
A<28>          |B0             |   10.743|
A<28>          |D<28>          |    7.851|
A<28>          |D<29>          |    9.258|
A<28>          |D<30>          |    9.448|
A<28>          |D<31>          |   11.358|
A<29>          |B0             |   10.417|
A<29>          |D<29>          |    8.571|
A<29>          |D<30>          |    9.122|
A<29>          |D<31>          |   11.032|
A<30>          |B0             |    8.425|
A<30>          |D<30>          |    7.837|
A<30>          |D<31>          |    9.040|
A<31>          |B0             |    8.320|
A<31>          |D<31>          |    8.558|
B<0>           |B0             |   34.278|
B<0>           |D<0>           |    7.697|
B<0>           |D<1>           |    7.964|
B<0>           |D<2>           |    8.617|
B<0>           |D<3>           |    9.868|
B<0>           |D<4>           |   10.997|
B<0>           |D<5>           |   11.840|
B<0>           |D<6>           |   12.913|
B<0>           |D<7>           |   12.732|
B<0>           |D<8>           |   13.803|
B<0>           |D<9>           |   14.966|
B<0>           |D<10>          |   15.369|
B<0>           |D<11>          |   15.414|
B<0>           |D<12>          |   16.929|
B<0>           |D<13>          |   17.286|
B<0>           |D<14>          |   19.450|
B<0>           |D<15>          |   21.398|
B<0>           |D<16>          |   21.865|
B<0>           |D<17>          |   22.648|
B<0>           |D<18>          |   23.345|
B<0>           |D<19>          |   24.075|
B<0>           |D<20>          |   25.148|
B<0>           |D<21>          |   25.843|
B<0>           |D<22>          |   27.159|
B<0>           |D<23>          |   28.310|
B<0>           |D<24>          |   29.018|
B<0>           |D<25>          |   29.044|
B<0>           |D<26>          |   30.079|
B<0>           |D<27>          |   31.181|
B<0>           |D<28>          |   31.414|
B<0>           |D<29>          |   32.793|
B<0>           |D<30>          |   32.983|
B<0>           |D<31>          |   34.893|
B<1>           |B0             |   34.093|
B<1>           |D<1>           |    7.795|
B<1>           |D<2>           |    8.432|
B<1>           |D<3>           |    9.683|
B<1>           |D<4>           |   10.812|
B<1>           |D<5>           |   11.655|
B<1>           |D<6>           |   12.728|
B<1>           |D<7>           |   12.547|
B<1>           |D<8>           |   13.618|
B<1>           |D<9>           |   14.781|
B<1>           |D<10>          |   15.184|
B<1>           |D<11>          |   15.229|
B<1>           |D<12>          |   16.744|
B<1>           |D<13>          |   17.101|
B<1>           |D<14>          |   19.265|
B<1>           |D<15>          |   21.213|
B<1>           |D<16>          |   21.680|
B<1>           |D<17>          |   22.463|
B<1>           |D<18>          |   23.160|
B<1>           |D<19>          |   23.890|
B<1>           |D<20>          |   24.963|
B<1>           |D<21>          |   25.658|
B<1>           |D<22>          |   26.974|
B<1>           |D<23>          |   28.125|
B<1>           |D<24>          |   28.833|
B<1>           |D<25>          |   28.859|
B<1>           |D<26>          |   29.894|
B<1>           |D<27>          |   30.996|
B<1>           |D<28>          |   31.229|
B<1>           |D<29>          |   32.608|
B<1>           |D<30>          |   32.798|
B<1>           |D<31>          |   34.708|
B<2>           |B0             |   32.693|
B<2>           |D<2>           |    7.442|
B<2>           |D<3>           |    8.283|
B<2>           |D<4>           |    9.412|
B<2>           |D<5>           |   10.255|
B<2>           |D<6>           |   11.328|
B<2>           |D<7>           |   11.147|
B<2>           |D<8>           |   12.218|
B<2>           |D<9>           |   13.381|
B<2>           |D<10>          |   13.784|
B<2>           |D<11>          |   13.829|
B<2>           |D<12>          |   15.344|
B<2>           |D<13>          |   15.701|
B<2>           |D<14>          |   17.865|
B<2>           |D<15>          |   19.813|
B<2>           |D<16>          |   20.280|
B<2>           |D<17>          |   21.063|
B<2>           |D<18>          |   21.760|
B<2>           |D<19>          |   22.490|
B<2>           |D<20>          |   23.563|
B<2>           |D<21>          |   24.258|
B<2>           |D<22>          |   25.574|
B<2>           |D<23>          |   26.725|
B<2>           |D<24>          |   27.433|
B<2>           |D<25>          |   27.459|
B<2>           |D<26>          |   28.494|
B<2>           |D<27>          |   29.596|
B<2>           |D<28>          |   29.829|
B<2>           |D<29>          |   31.208|
B<2>           |D<30>          |   31.398|
B<2>           |D<31>          |   33.308|
B<3>           |B0             |   32.337|
B<3>           |D<3>           |    7.566|
B<3>           |D<4>           |    9.056|
B<3>           |D<5>           |    9.899|
B<3>           |D<6>           |   10.972|
B<3>           |D<7>           |   10.791|
B<3>           |D<8>           |   11.862|
B<3>           |D<9>           |   13.025|
B<3>           |D<10>          |   13.428|
B<3>           |D<11>          |   13.473|
B<3>           |D<12>          |   14.988|
B<3>           |D<13>          |   15.345|
B<3>           |D<14>          |   17.509|
B<3>           |D<15>          |   19.457|
B<3>           |D<16>          |   19.924|
B<3>           |D<17>          |   20.707|
B<3>           |D<18>          |   21.404|
B<3>           |D<19>          |   22.134|
B<3>           |D<20>          |   23.207|
B<3>           |D<21>          |   23.902|
B<3>           |D<22>          |   25.218|
B<3>           |D<23>          |   26.369|
B<3>           |D<24>          |   27.077|
B<3>           |D<25>          |   27.103|
B<3>           |D<26>          |   28.138|
B<3>           |D<27>          |   29.240|
B<3>           |D<28>          |   29.473|
B<3>           |D<29>          |   30.852|
B<3>           |D<30>          |   31.042|
B<3>           |D<31>          |   32.952|
B<4>           |B0             |   31.520|
B<4>           |D<4>           |    7.966|
B<4>           |D<5>           |    9.082|
B<4>           |D<6>           |   10.155|
B<4>           |D<7>           |    9.974|
B<4>           |D<8>           |   11.045|
B<4>           |D<9>           |   12.208|
B<4>           |D<10>          |   12.611|
B<4>           |D<11>          |   12.656|
B<4>           |D<12>          |   14.171|
B<4>           |D<13>          |   14.528|
B<4>           |D<14>          |   16.692|
B<4>           |D<15>          |   18.640|
B<4>           |D<16>          |   19.107|
B<4>           |D<17>          |   19.890|
B<4>           |D<18>          |   20.587|
B<4>           |D<19>          |   21.317|
B<4>           |D<20>          |   22.390|
B<4>           |D<21>          |   23.085|
B<4>           |D<22>          |   24.401|
B<4>           |D<23>          |   25.552|
B<4>           |D<24>          |   26.260|
B<4>           |D<25>          |   26.286|
B<4>           |D<26>          |   27.321|
B<4>           |D<27>          |   28.423|
B<4>           |D<28>          |   28.656|
B<4>           |D<29>          |   30.035|
B<4>           |D<30>          |   30.225|
B<4>           |D<31>          |   32.135|
B<5>           |B0             |   30.950|
B<5>           |D<5>           |    8.403|
B<5>           |D<6>           |    9.585|
B<5>           |D<7>           |    9.404|
B<5>           |D<8>           |   10.475|
B<5>           |D<9>           |   11.638|
B<5>           |D<10>          |   12.041|
B<5>           |D<11>          |   12.086|
B<5>           |D<12>          |   13.601|
B<5>           |D<13>          |   13.958|
B<5>           |D<14>          |   16.122|
B<5>           |D<15>          |   18.070|
B<5>           |D<16>          |   18.537|
B<5>           |D<17>          |   19.320|
B<5>           |D<18>          |   20.017|
B<5>           |D<19>          |   20.747|
B<5>           |D<20>          |   21.820|
B<5>           |D<21>          |   22.515|
B<5>           |D<22>          |   23.831|
B<5>           |D<23>          |   24.982|
B<5>           |D<24>          |   25.690|
B<5>           |D<25>          |   25.716|
B<5>           |D<26>          |   26.751|
B<5>           |D<27>          |   27.853|
B<5>           |D<28>          |   28.086|
B<5>           |D<29>          |   29.465|
B<5>           |D<30>          |   29.655|
B<5>           |D<31>          |   31.565|
B<6>           |B0             |   29.360|
B<6>           |D<6>           |    8.015|
B<6>           |D<7>           |    7.814|
B<6>           |D<8>           |    8.885|
B<6>           |D<9>           |   10.048|
B<6>           |D<10>          |   10.451|
B<6>           |D<11>          |   10.496|
B<6>           |D<12>          |   12.011|
B<6>           |D<13>          |   12.368|
B<6>           |D<14>          |   14.532|
B<6>           |D<15>          |   16.480|
B<6>           |D<16>          |   16.947|
B<6>           |D<17>          |   17.730|
B<6>           |D<18>          |   18.427|
B<6>           |D<19>          |   19.157|
B<6>           |D<20>          |   20.230|
B<6>           |D<21>          |   20.925|
B<6>           |D<22>          |   22.241|
B<6>           |D<23>          |   23.392|
B<6>           |D<24>          |   24.100|
B<6>           |D<25>          |   24.126|
B<6>           |D<26>          |   25.161|
B<6>           |D<27>          |   26.263|
B<6>           |D<28>          |   26.496|
B<6>           |D<29>          |   27.875|
B<6>           |D<30>          |   28.065|
B<6>           |D<31>          |   29.975|
B<7>           |B0             |   29.030|
B<7>           |D<7>           |    7.123|
B<7>           |D<8>           |    8.555|
B<7>           |D<9>           |    9.718|
B<7>           |D<10>          |   10.121|
B<7>           |D<11>          |   10.166|
B<7>           |D<12>          |   11.681|
B<7>           |D<13>          |   12.038|
B<7>           |D<14>          |   14.202|
B<7>           |D<15>          |   16.150|
B<7>           |D<16>          |   16.617|
B<7>           |D<17>          |   17.400|
B<7>           |D<18>          |   18.097|
B<7>           |D<19>          |   18.827|
B<7>           |D<20>          |   19.900|
B<7>           |D<21>          |   20.595|
B<7>           |D<22>          |   21.911|
B<7>           |D<23>          |   23.062|
B<7>           |D<24>          |   23.770|
B<7>           |D<25>          |   23.796|
B<7>           |D<26>          |   24.831|
B<7>           |D<27>          |   25.933|
B<7>           |D<28>          |   26.166|
B<7>           |D<29>          |   27.545|
B<7>           |D<30>          |   27.735|
B<7>           |D<31>          |   29.645|
B<8>           |B0             |   27.949|
B<8>           |D<8>           |    7.474|
B<8>           |D<9>           |    8.637|
B<8>           |D<10>          |    9.040|
B<8>           |D<11>          |    9.085|
B<8>           |D<12>          |   10.600|
B<8>           |D<13>          |   10.957|
B<8>           |D<14>          |   13.121|
B<8>           |D<15>          |   15.069|
B<8>           |D<16>          |   15.536|
B<8>           |D<17>          |   16.319|
B<8>           |D<18>          |   17.016|
B<8>           |D<19>          |   17.746|
B<8>           |D<20>          |   18.819|
B<8>           |D<21>          |   19.514|
B<8>           |D<22>          |   20.830|
B<8>           |D<23>          |   21.981|
B<8>           |D<24>          |   22.689|
B<8>           |D<25>          |   22.715|
B<8>           |D<26>          |   23.750|
B<8>           |D<27>          |   24.852|
B<8>           |D<28>          |   25.085|
B<8>           |D<29>          |   26.464|
B<8>           |D<30>          |   26.654|
B<8>           |D<31>          |   28.564|
B<9>           |B0             |   27.594|
B<9>           |D<9>           |    7.921|
B<9>           |D<10>          |    8.685|
B<9>           |D<11>          |    8.730|
B<9>           |D<12>          |   10.245|
B<9>           |D<13>          |   10.602|
B<9>           |D<14>          |   12.766|
B<9>           |D<15>          |   14.714|
B<9>           |D<16>          |   15.181|
B<9>           |D<17>          |   15.964|
B<9>           |D<18>          |   16.661|
B<9>           |D<19>          |   17.391|
B<9>           |D<20>          |   18.464|
B<9>           |D<21>          |   19.159|
B<9>           |D<22>          |   20.475|
B<9>           |D<23>          |   21.626|
B<9>           |D<24>          |   22.334|
B<9>           |D<25>          |   22.360|
B<9>           |D<26>          |   23.395|
B<9>           |D<27>          |   24.497|
B<9>           |D<28>          |   24.730|
B<9>           |D<29>          |   26.109|
B<9>           |D<30>          |   26.299|
B<9>           |D<31>          |   28.209|
B<10>          |B0             |   26.695|
B<10>          |D<10>          |    7.383|
B<10>          |D<11>          |    7.831|
B<10>          |D<12>          |    9.346|
B<10>          |D<13>          |    9.703|
B<10>          |D<14>          |   11.867|
B<10>          |D<15>          |   13.815|
B<10>          |D<16>          |   14.282|
B<10>          |D<17>          |   15.065|
B<10>          |D<18>          |   15.762|
B<10>          |D<19>          |   16.492|
B<10>          |D<20>          |   17.565|
B<10>          |D<21>          |   18.260|
B<10>          |D<22>          |   19.576|
B<10>          |D<23>          |   20.727|
B<10>          |D<24>          |   21.435|
B<10>          |D<25>          |   21.461|
B<10>          |D<26>          |   22.496|
B<10>          |D<27>          |   23.598|
B<10>          |D<28>          |   23.831|
B<10>          |D<29>          |   25.210|
B<10>          |D<30>          |   25.400|
B<10>          |D<31>          |   27.310|
B<11>          |B0             |   26.067|
B<11>          |D<11>          |    6.966|
B<11>          |D<12>          |    8.718|
B<11>          |D<13>          |    9.075|
B<11>          |D<14>          |   11.239|
B<11>          |D<15>          |   13.187|
B<11>          |D<16>          |   13.654|
B<11>          |D<17>          |   14.437|
B<11>          |D<18>          |   15.134|
B<11>          |D<19>          |   15.864|
B<11>          |D<20>          |   16.937|
B<11>          |D<21>          |   17.632|
B<11>          |D<22>          |   18.948|
B<11>          |D<23>          |   20.099|
B<11>          |D<24>          |   20.807|
B<11>          |D<25>          |   20.833|
B<11>          |D<26>          |   21.868|
B<11>          |D<27>          |   22.970|
B<11>          |D<28>          |   23.203|
B<11>          |D<29>          |   24.582|
B<11>          |D<30>          |   24.772|
B<11>          |D<31>          |   26.682|
B<12>          |B0             |   24.471|
B<12>          |D<12>          |    7.395|
B<12>          |D<13>          |    7.479|
B<12>          |D<14>          |    9.643|
B<12>          |D<15>          |   11.591|
B<12>          |D<16>          |   12.058|
B<12>          |D<17>          |   12.841|
B<12>          |D<18>          |   13.538|
B<12>          |D<19>          |   14.268|
B<12>          |D<20>          |   15.341|
B<12>          |D<21>          |   16.036|
B<12>          |D<22>          |   17.352|
B<12>          |D<23>          |   18.503|
B<12>          |D<24>          |   19.211|
B<12>          |D<25>          |   19.237|
B<12>          |D<26>          |   20.272|
B<12>          |D<27>          |   21.374|
B<12>          |D<28>          |   21.607|
B<12>          |D<29>          |   22.986|
B<12>          |D<30>          |   23.176|
B<12>          |D<31>          |   25.086|
B<13>          |B0             |   24.057|
B<13>          |D<13>          |    7.139|
B<13>          |D<14>          |    9.229|
B<13>          |D<15>          |   11.177|
B<13>          |D<16>          |   11.644|
B<13>          |D<17>          |   12.427|
B<13>          |D<18>          |   13.124|
B<13>          |D<19>          |   13.854|
B<13>          |D<20>          |   14.927|
B<13>          |D<21>          |   15.622|
B<13>          |D<22>          |   16.938|
B<13>          |D<23>          |   18.089|
B<13>          |D<24>          |   18.797|
B<13>          |D<25>          |   18.823|
B<13>          |D<26>          |   19.858|
B<13>          |D<27>          |   20.960|
B<13>          |D<28>          |   21.193|
B<13>          |D<29>          |   22.572|
B<13>          |D<30>          |   22.762|
B<13>          |D<31>          |   24.672|
B<14>          |B0             |   22.937|
B<14>          |D<14>          |    8.160|
B<14>          |D<15>          |   10.057|
B<14>          |D<16>          |   10.524|
B<14>          |D<17>          |   11.307|
B<14>          |D<18>          |   12.004|
B<14>          |D<19>          |   12.734|
B<14>          |D<20>          |   13.807|
B<14>          |D<21>          |   14.502|
B<14>          |D<22>          |   15.818|
B<14>          |D<23>          |   16.969|
B<14>          |D<24>          |   17.677|
B<14>          |D<25>          |   17.703|
B<14>          |D<26>          |   18.738|
B<14>          |D<27>          |   19.840|
B<14>          |D<28>          |   20.073|
B<14>          |D<29>          |   21.452|
B<14>          |D<30>          |   21.642|
B<14>          |D<31>          |   23.552|
B<15>          |B0             |   22.989|
B<15>          |D<15>          |    9.507|
B<15>          |D<16>          |   10.576|
B<15>          |D<17>          |   11.359|
B<15>          |D<18>          |   12.056|
B<15>          |D<19>          |   12.786|
B<15>          |D<20>          |   13.859|
B<15>          |D<21>          |   14.554|
B<15>          |D<22>          |   15.870|
B<15>          |D<23>          |   17.021|
B<15>          |D<24>          |   17.729|
B<15>          |D<25>          |   17.755|
B<15>          |D<26>          |   18.790|
B<15>          |D<27>          |   19.892|
B<15>          |D<28>          |   20.125|
B<15>          |D<29>          |   21.504|
B<15>          |D<30>          |   21.694|
B<15>          |D<31>          |   23.604|
B<16>          |B0             |   21.231|
B<16>          |D<16>          |    8.904|
B<16>          |D<17>          |    9.601|
B<16>          |D<18>          |   10.298|
B<16>          |D<19>          |   11.028|
B<16>          |D<20>          |   12.101|
B<16>          |D<21>          |   12.796|
B<16>          |D<22>          |   14.112|
B<16>          |D<23>          |   15.263|
B<16>          |D<24>          |   15.971|
B<16>          |D<25>          |   15.997|
B<16>          |D<26>          |   17.032|
B<16>          |D<27>          |   18.134|
B<16>          |D<28>          |   18.367|
B<16>          |D<29>          |   19.746|
B<16>          |D<30>          |   19.936|
B<16>          |D<31>          |   21.846|
B<17>          |B0             |   20.185|
B<17>          |D<17>          |    8.616|
B<17>          |D<18>          |    9.252|
B<17>          |D<19>          |    9.982|
B<17>          |D<20>          |   11.055|
B<17>          |D<21>          |   11.750|
B<17>          |D<22>          |   13.066|
B<17>          |D<23>          |   14.217|
B<17>          |D<24>          |   14.925|
B<17>          |D<25>          |   14.951|
B<17>          |D<26>          |   15.986|
B<17>          |D<27>          |   17.088|
B<17>          |D<28>          |   17.321|
B<17>          |D<29>          |   18.700|
B<17>          |D<30>          |   18.890|
B<17>          |D<31>          |   20.800|
B<18>          |B0             |   19.825|
B<18>          |D<18>          |    8.892|
B<18>          |D<19>          |    9.622|
B<18>          |D<20>          |   10.695|
B<18>          |D<21>          |   11.390|
B<18>          |D<22>          |   12.706|
B<18>          |D<23>          |   13.857|
B<18>          |D<24>          |   14.565|
B<18>          |D<25>          |   14.591|
B<18>          |D<26>          |   15.626|
B<18>          |D<27>          |   16.728|
B<18>          |D<28>          |   16.961|
B<18>          |D<29>          |   18.340|
B<18>          |D<30>          |   18.530|
B<18>          |D<31>          |   20.440|
B<19>          |B0             |   18.714|
B<19>          |D<19>          |    8.200|
B<19>          |D<20>          |    9.584|
B<19>          |D<21>          |   10.279|
B<19>          |D<22>          |   11.595|
B<19>          |D<23>          |   12.746|
B<19>          |D<24>          |   13.454|
B<19>          |D<25>          |   13.480|
B<19>          |D<26>          |   14.515|
B<19>          |D<27>          |   15.617|
B<19>          |D<28>          |   15.850|
B<19>          |D<29>          |   17.229|
B<19>          |D<30>          |   17.419|
B<19>          |D<31>          |   19.329|
B<20>          |B0             |   17.340|
B<20>          |D<20>          |    8.483|
B<20>          |D<21>          |    8.905|
B<20>          |D<22>          |   10.221|
B<20>          |D<23>          |   11.372|
B<20>          |D<24>          |   12.080|
B<20>          |D<25>          |   12.106|
B<20>          |D<26>          |   13.141|
B<20>          |D<27>          |   14.243|
B<20>          |D<28>          |   14.476|
B<20>          |D<29>          |   15.855|
B<20>          |D<30>          |   16.045|
B<20>          |D<31>          |   17.955|
B<21>          |B0             |   16.531|
B<21>          |D<21>          |    8.109|
B<21>          |D<22>          |    9.412|
B<21>          |D<23>          |   10.563|
B<21>          |D<24>          |   11.271|
B<21>          |D<25>          |   11.297|
B<21>          |D<26>          |   12.332|
B<21>          |D<27>          |   13.434|
B<21>          |D<28>          |   13.667|
B<21>          |D<29>          |   15.046|
B<21>          |D<30>          |   15.236|
B<21>          |D<31>          |   17.146|
B<22>          |B0             |   15.648|
B<22>          |D<22>          |    8.224|
B<22>          |D<23>          |    9.680|
B<22>          |D<24>          |   10.388|
B<22>          |D<25>          |   10.414|
B<22>          |D<26>          |   11.449|
B<22>          |D<27>          |   12.551|
B<22>          |D<28>          |   12.784|
B<22>          |D<29>          |   14.163|
B<22>          |D<30>          |   14.353|
B<22>          |D<31>          |   16.263|
B<23>          |B0             |   15.104|
B<23>          |D<23>          |    7.896|
B<23>          |D<24>          |    9.844|
B<23>          |D<25>          |    9.870|
B<23>          |D<26>          |   10.905|
B<23>          |D<27>          |   12.007|
B<23>          |D<28>          |   12.240|
B<23>          |D<29>          |   13.619|
B<23>          |D<30>          |   13.809|
B<23>          |D<31>          |   15.719|
B<24>          |B0             |   13.766|
B<24>          |D<24>          |    7.888|
B<24>          |D<25>          |    8.532|
B<24>          |D<26>          |    9.567|
B<24>          |D<27>          |   10.669|
B<24>          |D<28>          |   10.902|
B<24>          |D<29>          |   12.281|
B<24>          |D<30>          |   12.471|
B<24>          |D<31>          |   14.381|
B<25>          |B0             |   13.033|
B<25>          |D<25>          |    7.483|
B<25>          |D<26>          |    8.834|
B<25>          |D<27>          |    9.936|
B<25>          |D<28>          |   10.169|
B<25>          |D<29>          |   11.548|
B<25>          |D<30>          |   11.738|
B<25>          |D<31>          |   13.648|
B<26>          |B0             |   11.995|
B<26>          |D<26>          |    7.426|
B<26>          |D<27>          |    8.898|
B<26>          |D<28>          |    9.131|
B<26>          |D<29>          |   10.510|
B<26>          |D<30>          |   10.700|
B<26>          |D<31>          |   12.610|
B<27>          |B0             |   11.164|
B<27>          |D<27>          |    7.868|
B<27>          |D<28>          |    8.300|
B<27>          |D<29>          |    9.679|
B<27>          |D<30>          |    9.869|
B<27>          |D<31>          |   11.779|
B<28>          |B0             |   10.162|
B<28>          |D<28>          |    7.999|
B<28>          |D<29>          |    8.677|
B<28>          |D<30>          |    8.867|
B<28>          |D<31>          |   10.777|
B<29>          |B0             |    9.388|
B<29>          |D<29>          |    7.605|
B<29>          |D<30>          |    8.093|
B<29>          |D<31>          |   10.003|
B<30>          |B0             |    8.681|
B<30>          |D<30>          |    7.225|
B<30>          |D<31>          |    9.296|
B<31>          |B0             |    7.815|
B<31>          |D<31>          |    8.116|
C              |B0             |   35.187|
C              |D<0>           |    8.200|
C              |D<1>           |    8.873|
C              |D<2>           |    9.526|
C              |D<3>           |   10.777|
C              |D<4>           |   11.906|
C              |D<5>           |   12.749|
C              |D<6>           |   13.822|
C              |D<7>           |   13.641|
C              |D<8>           |   14.712|
C              |D<9>           |   15.875|
C              |D<10>          |   16.278|
C              |D<11>          |   16.323|
C              |D<12>          |   17.838|
C              |D<13>          |   18.195|
C              |D<14>          |   20.359|
C              |D<15>          |   22.307|
C              |D<16>          |   22.774|
C              |D<17>          |   23.557|
C              |D<18>          |   24.254|
C              |D<19>          |   24.984|
C              |D<20>          |   26.057|
C              |D<21>          |   26.752|
C              |D<22>          |   28.068|
C              |D<23>          |   29.219|
C              |D<24>          |   29.927|
C              |D<25>          |   29.953|
C              |D<26>          |   30.988|
C              |D<27>          |   32.090|
C              |D<28>          |   32.323|
C              |D<29>          |   33.702|
C              |D<30>          |   33.892|
C              |D<31>          |   35.802|
---------------+---------------+---------+


Analysis completed Thu May 07 12:11:39 2020 
--------------------------------------------------------------------------------

Trace Settings:
-------------------------
Trace Settings 

Peak Memory Usage: 4487 MB



