--------------------------------------------------------------------------------
Release 14.7 Trace  (nt64)
Copyright (c) 1995-2013 Xilinx, Inc.  All rights reserved.

C:\Xilinx\14.7\ISE_DS\ISE\bin\nt64\unwrapped\trce.exe -intstyle ise -v 3 -s 5
-n 3 -fastpaths -xml left_shifter.twx left_shifter.ncd -o left_shifter.twr
left_shifter.pcf

Design file:              left_shifter.ncd
Physical constraint file: left_shifter.pcf
Device,package,speed:     xc3s50,pq208,-5 (PRODUCTION 1.39 2013-10-13)
Report level:             verbose report

Environment Variable      Effect 
--------------------      ------ 
NONE                      No environment variables were set
--------------------------------------------------------------------------------

INFO:Timing:2698 - No timing constraints found, doing default enumeration.
INFO:Timing:3412 - To improve timing, see the Timing Closure User Guide (UG612).
INFO:Timing:2752 - To get complete path coverage, use the unconstrained paths 
   option. All paths that are not constrained will be reported in the 
   unconstrained paths section(s) of the report.
INFO:Timing:3339 - The clock-to-out numbers in this timing report are based on 
   a 50 Ohm transmission line loading model.  For the details of this model, 
   and for more information on accounting for different loading conditions, 
   please see the device datasheet.
INFO:Timing:3390 - This architecture does not support a default System Jitter 
   value, please add SYSTEM_JITTER constraint to the UCF to modify the Clock 
   Uncertainty calculation.
INFO:Timing:3389 - This architecture does not support 'Discrete Jitter' and 
   'Phase Error' calculations, these terms will be zero in the Clock 
   Uncertainty calculation.  Please make appropriate modification to 
   SYSTEM_JITTER to account for the unsupported Discrete Jitter and Phase 
   Error.



Data Sheet report:
-----------------
All values displayed in nanoseconds (ns)

Pad to Pad
---------------+---------------+---------+
Source Pad     |Destination Pad|  Delay  |
---------------+---------------+---------+
R<0>           |RS<1>          |    5.494|
R<1>           |RS<2>          |    6.508|
R<2>           |RS<3>          |    5.484|
R<3>           |RS<4>          |    7.150|
R<4>           |RS<5>          |    5.769|
R<5>           |RS<6>          |    5.471|
R<6>           |RS<7>          |    7.018|
R<7>           |RS<8>          |    7.342|
R<8>           |RS<9>          |    6.891|
R<9>           |RS<10>         |    5.487|
R<10>          |RS<11>         |    5.503|
R<11>          |RS<12>         |    5.486|
R<12>          |RS<13>         |    6.852|
R<13>          |RS<14>         |    6.474|
R<14>          |RS<15>         |    6.356|
R<15>          |RS<16>         |    5.480|
R<16>          |RS<17>         |    5.484|
R<17>          |RS<18>         |    5.919|
R<18>          |RS<19>         |    5.486|
R<19>          |RS<20>         |    5.495|
R<20>          |RS<21>         |    5.484|
R<21>          |RS<22>         |    5.820|
R<22>          |RS<23>         |    5.762|
R<23>          |RS<24>         |    5.795|
R<24>          |RS<25>         |    6.324|
R<25>          |RS<26>         |    5.476|
R<26>          |RS<27>         |    6.216|
R<27>          |RS<28>         |    5.812|
R<28>          |RS<29>         |    5.504|
R<29>          |RS<30>         |    5.475|
R<30>          |RS<31>         |    5.893|
---------------+---------------+---------+


Analysis completed Wed May 13 15:27:12 2020 
--------------------------------------------------------------------------------

Trace Settings:
-------------------------
Trace Settings 

Peak Memory Usage: 4470 MB



