Release 14.7 Map P.20131013 (nt64)
Xilinx Mapping Report File for Design 'RCA4'

Design Information
------------------
Command Line   : map -intstyle ise -p xc3s50-pq208-5 -cm area -ir off -pr off -c
100 -o RCA4_map.ncd RCA4.ngd RCA4.pcf 
Target Device  : xc3s50
Target Package : pq208
Target Speed   : -5
Mapper Version : spartan3 -- $Revision: 1.55 $
Mapped Date    : Tue May 05 11:39:13 2020

Design Summary
--------------
Number of errors:      0
Number of warnings:    0
Logic Utilization:
  Number of 4 input LUTs:                64 out of   1,536    4%
Logic Distribution:
  Number of occupied Slices:             48 out of     768    6%
    Number of Slices containing only related logic:      48 out of      48 100%
    Number of Slices containing unrelated logic:          0 out of      48   0%
      *See NOTES below for an explanation of the effects of unrelated logic.
  Total Number of 4 input LUTs:          64 out of   1,536    4%
  Number of bonded IOBs:                 98 out of     124   79%

Average Fanout of Non-Clock Nets:                1.74

Peak Memory Usage:  4392 MB
Total REAL time to MAP completion:  0 secs 
Total CPU time to MAP completion:   0 secs 

NOTES:

   Related logic is defined as being logic that shares connectivity - e.g. two
   LUTs are "related" if they share common inputs.  When assembling slices,
   Map gives priority to combine logic that is related.  Doing so results in
   the best timing performance.

   Unrelated logic shares no connectivity.  Map will only begin packing
   unrelated logic into a slice once 99% of the slices are occupied through
   related logic packing.

   Note that once logic distribution reaches the 99% level through related
   logic packing, this does not mean the device is completely utilized.
   Unrelated logic packing will then begin, continuing until all usable LUTs
   and FFs are occupied.  Depending on your timing budget, increased levels of
   unrelated logic packing may adversely affect the overall timing performance
   of your design.

Table of Contents
-----------------
Section 1 - Errors
Section 2 - Warnings
Section 3 - Informational
Section 4 - Removed Logic Summary
Section 5 - Removed Logic
Section 6 - IOB Properties
Section 7 - RPMs
Section 8 - Guide Report
Section 9 - Area Group and Partition Summary
Section 10 - Timing Report
Section 11 - Configuration String Information
Section 12 - Control Set Information
Section 13 - Utilization by Hierarchy

Section 1 - Errors
------------------

Section 2 - Warnings
--------------------

Section 3 - Informational
-------------------------
INFO:MapLib:562 - No environment variables are currently set.
INFO:LIT:244 - All of the single ended outputs in this design are using slew
   rate limited output drivers. The delay on speed critical single ended outputs
   can be dramatically reduced by designating them as fast outputs.

Section 4 - Removed Logic Summary
---------------------------------

Section 5 - Removed Logic
-------------------------

Section 6 - IOB Properties
--------------------------

+---------------------------------------------------------------------------------------------------------------------------------------------------------+
| IOB Name                           | Type             | Direction | IO Standard          | Diff  | Drive    | Slew | Reg (s)      | Resistor | IOB      |
|                                    |                  |           |                      | Term  | Strength | Rate |              |          | Delay    |
+---------------------------------------------------------------------------------------------------------------------------------------------------------+
| CIN                                | IOB              | INPUT     | LVCMOS25             |       |          |      |              |          |          |
| COUT                               | IOB              | OUTPUT    | LVCMOS25             |       | 12       | SLOW |              |          |          |
| S<0>                               | IOB              | OUTPUT    | LVCMOS25             |       | 12       | SLOW |              |          |          |
| S<1>                               | IOB              | OUTPUT    | LVCMOS25             |       | 12       | SLOW |              |          |          |
| S<2>                               | IOB              | OUTPUT    | LVCMOS25             |       | 12       | SLOW |              |          |          |
| S<3>                               | IOB              | OUTPUT    | LVCMOS25             |       | 12       | SLOW |              |          |          |
| S<4>                               | IOB              | OUTPUT    | LVCMOS25             |       | 12       | SLOW |              |          |          |
| S<5>                               | IOB              | OUTPUT    | LVCMOS25             |       | 12       | SLOW |              |          |          |
| S<6>                               | IOB              | OUTPUT    | LVCMOS25             |       | 12       | SLOW |              |          |          |
| S<7>                               | IOB              | OUTPUT    | LVCMOS25             |       | 12       | SLOW |              |          |          |
| S<8>                               | IOB              | OUTPUT    | LVCMOS25             |       | 12       | SLOW |              |          |          |
| S<9>                               | IOB              | OUTPUT    | LVCMOS25             |       | 12       | SLOW |              |          |          |
| S<10>                              | IOB              | OUTPUT    | LVCMOS25             |       | 12       | SLOW |              |          |          |
| S<11>                              | IOB              | OUTPUT    | LVCMOS25             |       | 12       | SLOW |              |          |          |
| S<12>                              | IOB              | OUTPUT    | LVCMOS25             |       | 12       | SLOW |              |          |          |
| S<13>                              | IOB              | OUTPUT    | LVCMOS25             |       | 12       | SLOW |              |          |          |
| S<14>                              | IOB              | OUTPUT    | LVCMOS25             |       | 12       | SLOW |              |          |          |
| S<15>                              | IOB              | OUTPUT    | LVCMOS25             |       | 12       | SLOW |              |          |          |
| S<16>                              | IOB              | OUTPUT    | LVCMOS25             |       | 12       | SLOW |              |          |          |
| S<17>                              | IOB              | OUTPUT    | LVCMOS25             |       | 12       | SLOW |              |          |          |
| S<18>                              | IOB              | OUTPUT    | LVCMOS25             |       | 12       | SLOW |              |          |          |
| S<19>                              | IOB              | OUTPUT    | LVCMOS25             |       | 12       | SLOW |              |          |          |
| S<20>                              | IOB              | OUTPUT    | LVCMOS25             |       | 12       | SLOW |              |          |          |
| S<21>                              | IOB              | OUTPUT    | LVCMOS25             |       | 12       | SLOW |              |          |          |
| S<22>                              | IOB              | OUTPUT    | LVCMOS25             |       | 12       | SLOW |              |          |          |
| S<23>                              | IOB              | OUTPUT    | LVCMOS25             |       | 12       | SLOW |              |          |          |
| S<24>                              | IOB              | OUTPUT    | LVCMOS25             |       | 12       | SLOW |              |          |          |
| S<25>                              | IOB              | OUTPUT    | LVCMOS25             |       | 12       | SLOW |              |          |          |
| S<26>                              | IOB              | OUTPUT    | LVCMOS25             |       | 12       | SLOW |              |          |          |
| S<27>                              | IOB              | OUTPUT    | LVCMOS25             |       | 12       | SLOW |              |          |          |
| S<28>                              | IOB              | OUTPUT    | LVCMOS25             |       | 12       | SLOW |              |          |          |
| S<29>                              | IOB              | OUTPUT    | LVCMOS25             |       | 12       | SLOW |              |          |          |
| S<30>                              | IOB              | OUTPUT    | LVCMOS25             |       | 12       | SLOW |              |          |          |
| S<31>                              | IOB              | OUTPUT    | LVCMOS25             |       | 12       | SLOW |              |          |          |
| X<0>                               | IOB              | INPUT     | LVCMOS25             |       |          |      |              |          |          |
| X<1>                               | IOB              | INPUT     | LVCMOS25             |       |          |      |              |          |          |
| X<2>                               | IOB              | INPUT     | LVCMOS25             |       |          |      |              |          |          |
| X<3>                               | IOB              | INPUT     | LVCMOS25             |       |          |      |              |          |          |
| X<4>                               | IOB              | INPUT     | LVCMOS25             |       |          |      |              |          |          |
| X<5>                               | IOB              | INPUT     | LVCMOS25             |       |          |      |              |          |          |
| X<6>                               | IOB              | INPUT     | LVCMOS25             |       |          |      |              |          |          |
| X<7>                               | IOB              | INPUT     | LVCMOS25             |       |          |      |              |          |          |
| X<8>                               | IOB              | INPUT     | LVCMOS25             |       |          |      |              |          |          |
| X<9>                               | IOB              | INPUT     | LVCMOS25             |       |          |      |              |          |          |
| X<10>                              | IOB              | INPUT     | LVCMOS25             |       |          |      |              |          |          |
| X<11>                              | IOB              | INPUT     | LVCMOS25             |       |          |      |              |          |          |
| X<12>                              | IOB              | INPUT     | LVCMOS25             |       |          |      |              |          |          |
| X<13>                              | IOB              | INPUT     | LVCMOS25             |       |          |      |              |          |          |
| X<14>                              | IOB              | INPUT     | LVCMOS25             |       |          |      |              |          |          |
| X<15>                              | IOB              | INPUT     | LVCMOS25             |       |          |      |              |          |          |
| X<16>                              | IOB              | INPUT     | LVCMOS25             |       |          |      |              |          |          |
| X<17>                              | IOB              | INPUT     | LVCMOS25             |       |          |      |              |          |          |
| X<18>                              | IOB              | INPUT     | LVCMOS25             |       |          |      |              |          |          |
| X<19>                              | IOB              | INPUT     | LVCMOS25             |       |          |      |              |          |          |
| X<20>                              | IOB              | INPUT     | LVCMOS25             |       |          |      |              |          |          |
| X<21>                              | IOB              | INPUT     | LVCMOS25             |       |          |      |              |          |          |
| X<22>                              | IOB              | INPUT     | LVCMOS25             |       |          |      |              |          |          |
| X<23>                              | IOB              | INPUT     | LVCMOS25             |       |          |      |              |          |          |
| X<24>                              | IOB              | INPUT     | LVCMOS25             |       |          |      |              |          |          |
| X<25>                              | IOB              | INPUT     | LVCMOS25             |       |          |      |              |          |          |
| X<26>                              | IOB              | INPUT     | LVCMOS25             |       |          |      |              |          |          |
| X<27>                              | IOB              | INPUT     | LVCMOS25             |       |          |      |              |          |          |
| X<28>                              | IOB              | INPUT     | LVCMOS25             |       |          |      |              |          |          |
| X<29>                              | IOB              | INPUT     | LVCMOS25             |       |          |      |              |          |          |
| X<30>                              | IOB              | INPUT     | LVCMOS25             |       |          |      |              |          |          |
| X<31>                              | IOB              | INPUT     | LVCMOS25             |       |          |      |              |          |          |
| Y<0>                               | IOB              | INPUT     | LVCMOS25             |       |          |      |              |          |          |
| Y<1>                               | IOB              | INPUT     | LVCMOS25             |       |          |      |              |          |          |
| Y<2>                               | IOB              | INPUT     | LVCMOS25             |       |          |      |              |          |          |
| Y<3>                               | IOB              | INPUT     | LVCMOS25             |       |          |      |              |          |          |
| Y<4>                               | IOB              | INPUT     | LVCMOS25             |       |          |      |              |          |          |
| Y<5>                               | IOB              | INPUT     | LVCMOS25             |       |          |      |              |          |          |
| Y<6>                               | IOB              | INPUT     | LVCMOS25             |       |          |      |              |          |          |
| Y<7>                               | IOB              | INPUT     | LVCMOS25             |       |          |      |              |          |          |
| Y<8>                               | IOB              | INPUT     | LVCMOS25             |       |          |      |              |          |          |
| Y<9>                               | IOB              | INPUT     | LVCMOS25             |       |          |      |              |          |          |
| Y<10>                              | IOB              | INPUT     | LVCMOS25             |       |          |      |              |          |          |
| Y<11>                              | IOB              | INPUT     | LVCMOS25             |       |          |      |              |          |          |
| Y<12>                              | IOB              | INPUT     | LVCMOS25             |       |          |      |              |          |          |
| Y<13>                              | IOB              | INPUT     | LVCMOS25             |       |          |      |              |          |          |
| Y<14>                              | IOB              | INPUT     | LVCMOS25             |       |          |      |              |          |          |
| Y<15>                              | IOB              | INPUT     | LVCMOS25             |       |          |      |              |          |          |
| Y<16>                              | IOB              | INPUT     | LVCMOS25             |       |          |      |              |          |          |
| Y<17>                              | IOB              | INPUT     | LVCMOS25             |       |          |      |              |          |          |
| Y<18>                              | IOB              | INPUT     | LVCMOS25             |       |          |      |              |          |          |
| Y<19>                              | IOB              | INPUT     | LVCMOS25             |       |          |      |              |          |          |
| Y<20>                              | IOB              | INPUT     | LVCMOS25             |       |          |      |              |          |          |
| Y<21>                              | IOB              | INPUT     | LVCMOS25             |       |          |      |              |          |          |
| Y<22>                              | IOB              | INPUT     | LVCMOS25             |       |          |      |              |          |          |
| Y<23>                              | IOB              | INPUT     | LVCMOS25             |       |          |      |              |          |          |
| Y<24>                              | IOB              | INPUT     | LVCMOS25             |       |          |      |              |          |          |
| Y<25>                              | IOB              | INPUT     | LVCMOS25             |       |          |      |              |          |          |
| Y<26>                              | IOB              | INPUT     | LVCMOS25             |       |          |      |              |          |          |
| Y<27>                              | IOB              | INPUT     | LVCMOS25             |       |          |      |              |          |          |
| Y<28>                              | IOB              | INPUT     | LVCMOS25             |       |          |      |              |          |          |
| Y<29>                              | IOB              | INPUT     | LVCMOS25             |       |          |      |              |          |          |
| Y<30>                              | IOB              | INPUT     | LVCMOS25             |       |          |      |              |          |          |
| Y<31>                              | IOB              | INPUT     | LVCMOS25             |       |          |      |              |          |          |
+---------------------------------------------------------------------------------------------------------------------------------------------------------+

Section 7 - RPMs
----------------

Section 8 - Guide Report
------------------------
Guide not run on this design.

Section 9 - Area Group and Partition Summary
--------------------------------------------

Partition Implementation Status
-------------------------------

  No Partitions were found in this design.

-------------------------------

Area Group Information
----------------------

  No area groups were found in this design.

----------------------

Section 10 - Timing Report
--------------------------
This design was not run using timing mode.

Section 11 - Configuration String Details
-----------------------------------------
Use the "-detail" map option to print out Configuration Strings

Section 12 - Control Set Information
------------------------------------
No control set information for this architecture.

Section 13 - Utilization by Hierarchy
-------------------------------------
Use the "-detail" map option to print out the Utilization by Hierarchy section.
