Command line:
   TB_DIVIDER_isim_par.exe
     -simmode  gui
     -sdfmax  /uut/=netgen/par/DIVIDER_timesim.sdf
     -sdfroot  /uut
     -simrunnum  0
     -socket  50440

Thu Nov 26 17:03:38 2020


 Elaboration Time: 2.0625 sec

 Current Memory Usage: 5207.36 Meg

 Total Signals          : 8860
 Total Nets             : 5334
 Total Signal Drivers   : 5247
 Total Blocks           : 2388
 Total Primitive Blocks : 1242
 Total Processes        : 5245
 Total Traceable Variables  : 12470
 Total Scalar Nets and Variables : 46934
Total Line Count : 17013

 Total Simulation Time: 3.54688 sec

 Current Memory Usage: 5050.07 Meg

Thu Nov 26 17:11:04 2020

