Command line:
   TB_DIVIDER_isim_beh.exe
     -simmode  gui
     -simrunnum  0
     -socket  51752

Tue May 19 17:15:29 2020


 Elaboration Time: 0.078125 sec

 Current Memory Usage: 5159.85 Meg

 Total Signals          : 209
 Total Nets             : 310
 Total Signal Drivers   : 84
 Total Blocks           : 74
 Total Primitive Blocks : 39
 Total Processes        : 78
 Total Traceable Variables  : 53
 Total Scalar Nets and Variables : 849
Total Line Count : 109

 Total Simulation Time: 0.078125 sec

 Current Memory Usage: 5159.85 Meg

Tue May 19 17:15:47 2020

