Release 14.7 - xst P.20131013 (nt64)
Copyright (c) 1995-2013 Xilinx, Inc.  All rights reserved.
--> Parameter TMPDIR set to xst/projnav.tmp


Total REAL time to Xst completion: 1.00 secs
Total CPU time to Xst completion: 0.55 secs
 
--> Parameter xsthdpdir set to xst


Total REAL time to Xst completion: 1.00 secs
Total CPU time to Xst completion: 0.55 secs
 
--> Reading design: COUNTER.prj

TABLE OF CONTENTS
  1) Synthesis Options Summary
  2) HDL Compilation
  3) Design Hierarchy Analysis
  4) HDL Analysis
  5) HDL Synthesis
     5.1) HDL Synthesis Report
  6) Advanced HDL Synthesis
     6.1) Advanced HDL Synthesis Report
  7) Low Level Synthesis
  8) Partition Report
  9) Final Report
	9.1) Device utilization summary
	9.2) Partition Resource Summary
	9.3) TIMING REPORT


=========================================================================
*                      Synthesis Options Summary                        *
=========================================================================
---- Source Parameters
Input File Name                    : "COUNTER.prj"
Input Format                       : mixed
Ignore Synthesis Constraint File   : NO

---- Target Parameters
Output File Name                   : "COUNTER"
Output Format                      : NGC
Target Device                      : xc3s200-5-pq208

---- Source Options
Top Module Name                    : COUNTER
Automatic FSM Extraction           : YES
FSM Encoding Algorithm             : Auto
Safe Implementation                : No
FSM Style                          : LUT
RAM Extraction                     : Yes
RAM Style                          : Auto
ROM Extraction                     : Yes
Mux Style                          : Auto
Decoder Extraction                 : YES
Priority Encoder Extraction        : Yes
Shift Register Extraction          : YES
Logical Shifter Extraction         : YES
XOR Collapsing                     : YES
ROM Style                          : Auto
Mux Extraction                     : Yes
Resource Sharing                   : YES
Asynchronous To Synchronous        : NO
Multiplier Style                   : Auto
Automatic Register Balancing       : No

---- Target Options
Add IO Buffers                     : YES
Global Maximum Fanout              : 100000
Add Generic Clock Buffer(BUFG)     : 8
Register Duplication               : YES
Slice Packing                      : YES
Optimize Instantiated Primitives   : NO
Use Clock Enable                   : Yes
Use Synchronous Set                : Yes
Use Synchronous Reset              : Yes
Pack IO Registers into IOBs        : Auto
Equivalent register Removal        : YES

---- General Options
Optimization Goal                  : Speed
Optimization Effort                : 1
Keep Hierarchy                     : No
Netlist Hierarchy                  : As_Optimized
RTL Output                         : Yes
Global Optimization                : AllClockNets
Read Cores                         : YES
Write Timing Constraints           : NO
Cross Clock Analysis               : NO
Hierarchy Separator                : /
Bus Delimiter                      : <>
Case Specifier                     : Maintain
Slice Utilization Ratio            : 100
BRAM Utilization Ratio             : 100
Verilog 2001                       : YES
Auto BRAM Packing                  : NO
Slice Utilization Ratio Delta      : 5

=========================================================================


=========================================================================
*                          HDL Compilation                              *
=========================================================================
Compiling vhdl file "C:/Users/DAVO_/Desktop/Progetto Reti Logiche 2020_21/PROGETTO_RETILOGICHE_2020/FS.vhd" in Library work.
Architecture rtl of Entity fs is up to date.
Compiling vhdl file "C:/Users/DAVO_/Desktop/Progetto Reti Logiche 2020_21/PROGETTO_RETILOGICHE_2020/FS_Nbit.vhd" in Library work.
Architecture rtl of Entity fs_nbit is up to date.
Compiling vhdl file "C:/Users/DAVO_/Desktop/Progetto Reti Logiche 2020_21/PROGETTO_RETILOGICHE_2020/COUNTER.vhd" in Library work.
Entity <counter> compiled.
Entity <counter> (Architecture <rtl>) compiled.

=========================================================================
*                     Design Hierarchy Analysis                         *
=========================================================================
Analyzing hierarchy for entity <COUNTER> in library <work> (architecture <rtl>) with generics.
	N = 5

Analyzing hierarchy for entity <FS_Nbit> in library <work> (architecture <rtl>) with generics.
	N = 5

Analyzing hierarchy for entity <FS> in library <work> (architecture <rtl>).


=========================================================================
*                            HDL Analysis                               *
=========================================================================
Analyzing generic Entity <COUNTER> in library <work> (Architecture <rtl>).
	N = 5
WARNING:Xst:753 - "C:/Users/DAVO_/Desktop/Progetto Reti Logiche 2020_21/PROGETTO_RETILOGICHE_2020/COUNTER.vhd" line 37: Unconnected output port 'BOUT' of component 'FS_Nbit'.
Entity <COUNTER> analyzed. Unit <COUNTER> generated.

Analyzing generic Entity <FS_Nbit> in library <work> (Architecture <rtl>).
	N = 5
Entity <FS_Nbit> analyzed. Unit <FS_Nbit> generated.

Analyzing Entity <FS> in library <work> (Architecture <rtl>).
Entity <FS> analyzed. Unit <FS> generated.


=========================================================================
*                           HDL Synthesis                               *
=========================================================================

Performing bidirectional port resolution...

Synthesizing Unit <FS>.
    Related source file is "C:/Users/DAVO_/Desktop/Progetto Reti Logiche 2020_21/PROGETTO_RETILOGICHE_2020/FS.vhd".
    Found 1-bit xor3 for signal <SUB>.
    Summary:
	inferred   1 Xor(s).
Unit <FS> synthesized.


Synthesizing Unit <FS_Nbit>.
    Related source file is "C:/Users/DAVO_/Desktop/Progetto Reti Logiche 2020_21/PROGETTO_RETILOGICHE_2020/FS_Nbit.vhd".
Unit <FS_Nbit> synthesized.


Synthesizing Unit <COUNTER>.
    Related source file is "C:/Users/DAVO_/Desktop/Progetto Reti Logiche 2020_21/PROGETTO_RETILOGICHE_2020/COUNTER.vhd".
    Found 5-bit register for signal <t_count>.
    Summary:
	inferred   5 D-type flip-flop(s).
Unit <COUNTER> synthesized.


=========================================================================
HDL Synthesis Report

Macro Statistics
# Registers                                            : 1
 5-bit register                                        : 1
# Xors                                                 : 5
 1-bit xor3                                            : 5

=========================================================================

=========================================================================
*                       Advanced HDL Synthesis                          *
=========================================================================


=========================================================================
Advanced HDL Synthesis Report

Macro Statistics
# Registers                                            : 5
 Flip-Flops                                            : 5
# Xors                                                 : 5
 1-bit xor3                                            : 5

=========================================================================

=========================================================================
*                         Low Level Synthesis                           *
=========================================================================

Optimizing unit <COUNTER> ...

Mapping all equations...
Building and optimizing final netlist ...
Found area constraint ratio of 100 (+ 5) on block COUNTER, actual ratio is 0.

Final Macro Processing ...

=========================================================================
Final Register Report

Macro Statistics
# Registers                                            : 5
 Flip-Flops                                            : 5

=========================================================================

=========================================================================
*                           Partition Report                            *
=========================================================================

Partition Implementation Status
-------------------------------

  No Partitions were found in this design.

-------------------------------

=========================================================================
*                            Final Report                               *
=========================================================================
Final Results
RTL Top Level Output File Name     : COUNTER.ngr
Top Level Output File Name         : COUNTER
Output Format                      : NGC
Optimization Goal                  : Speed
Keep Hierarchy                     : No

Design Statistics
# IOs                              : 8

Cell Usage :
# BELS                             : 6
#      INV                         : 1
#      LUT2                        : 1
#      LUT2_L                      : 1
#      LUT3                        : 1
#      LUT4                        : 2
# FlipFlops/Latches                : 5
#      FDSE                        : 5
# Clock Buffers                    : 1
#      BUFGP                       : 1
# IO Buffers                       : 7
#      IBUF                        : 2
#      OBUF                        : 5
=========================================================================

Device utilization summary:
---------------------------

Selected Device : 3s200pq208-5 

 Number of Slices:                        3  out of   1920     0%  
 Number of Slice Flip Flops:              5  out of   3840     0%  
 Number of 4 input LUTs:                  6  out of   3840     0%  
 Number of IOs:                           8
 Number of bonded IOBs:                   8  out of    141     5%  
 Number of GCLKs:                         1  out of      8    12%  

---------------------------
Partition Resource Summary:
---------------------------

  No Partitions were found in this design.

---------------------------


=========================================================================
TIMING REPORT

NOTE: THESE TIMING NUMBERS ARE ONLY A SYNTHESIS ESTIMATE.
      FOR ACCURATE TIMING INFORMATION PLEASE REFER TO THE TRACE REPORT
      GENERATED AFTER PLACE-and-ROUTE.

Clock Information:
------------------
-----------------------------------+------------------------+-------+
Clock Signal                       | Clock buffer(FF name)  | Load  |
-----------------------------------+------------------------+-------+
CLK                                | BUFGP                  | 5     |
-----------------------------------+------------------------+-------+

Asynchronous Control Signals Information:
----------------------------------------
No asynchronous control signals found in this design

Timing Summary:
---------------
Speed Grade: -5

   Minimum period: 2.961ns (Maximum Frequency: 337.741MHz)
   Minimum input arrival time before clock: 2.390ns
   Maximum output required time after clock: 6.388ns
   Maximum combinational path delay: No path found

Timing Detail:
--------------
All values displayed in nanoseconds (ns)

=========================================================================
Timing constraint: Default period analysis for Clock 'CLK'
  Clock period: 2.961ns (frequency: 337.741MHz)
  Total number of paths / destination ports: 15 / 5
-------------------------------------------------------------------------
Delay:               2.961ns (Levels of Logic = 2)
  Source:            t_count_1 (FF)
  Destination:       t_count_4 (FF)
  Source Clock:      CLK rising
  Destination Clock: CLK rising

  Data Path: t_count_1 to t_count_4
                                Gate     Net
    Cell:in->out      fanout   Delay   Delay  Logical Name (Net Name)
    ----------------------------------------  ------------
     FDSE:C->Q             5   0.626   1.078  t_count_1 (t_count_1)
     LUT2_L:I0->LO         1   0.479   0.123  inst_FS5/G1[4].FSN/Mxor_SUB_xo<0>_SW0 (N3)
     LUT4:I3->O            1   0.479   0.000  inst_FS5/G1[4].FSN/Mxor_SUB_xo<0> (outputsignal<4>)
     FDSE:D                    0.176          t_count_4
    ----------------------------------------
    Total                      2.961ns (1.760ns logic, 1.201ns route)
                                       (59.4% logic, 40.6% route)

=========================================================================
Timing constraint: Default OFFSET IN BEFORE for Clock 'CLK'
  Total number of paths / destination ports: 10 / 10
-------------------------------------------------------------------------
Offset:              2.390ns (Levels of Logic = 1)
  Source:            RESET (PAD)
  Destination:       t_count_0 (FF)
  Destination Clock: CLK rising

  Data Path: RESET to t_count_0
                                Gate     Net
    Cell:in->out      fanout   Delay   Delay  Logical Name (Net Name)
    ----------------------------------------  ------------
     IBUF:I->O             5   0.715   0.783  RESET_IBUF (RESET_IBUF)
     FDSE:S                    0.892          t_count_0
    ----------------------------------------
    Total                      2.390ns (1.607ns logic, 0.783ns route)
                                       (67.2% logic, 32.8% route)

=========================================================================
Timing constraint: Default OFFSET OUT AFTER for Clock 'CLK'
  Total number of paths / destination ports: 5 / 5
-------------------------------------------------------------------------
Offset:              6.388ns (Levels of Logic = 1)
  Source:            t_count_0 (FF)
  Destination:       COUNT<0> (PAD)
  Source Clock:      CLK rising

  Data Path: t_count_0 to COUNT<0>
                                Gate     Net
    Cell:in->out      fanout   Delay   Delay  Logical Name (Net Name)
    ----------------------------------------  ------------
     FDSE:C->Q             6   0.626   0.853  t_count_0 (t_count_0)
     OBUF:I->O                 4.909          COUNT_0_OBUF (COUNT<0>)
    ----------------------------------------
    Total                      6.388ns (5.535ns logic, 0.853ns route)
                                       (86.7% logic, 13.3% route)

=========================================================================


Total REAL time to Xst completion: 16.00 secs
Total CPU time to Xst completion: 15.46 secs
 
--> 

Total memory usage is 4505412 kilobytes

Number of errors   :    0 (   0 filtered)
Number of warnings :    1 (   0 filtered)
Number of infos    :    0 (   0 filtered)

