Command line:
   TB_DIVIDER_isim_beh.exe
     -simmode  gui
     -simrunnum  0
     -socket  58363

Thu Jul 16 20:06:51 2020


 Elaboration Time: 0.125 sec

 Current Memory Usage: 5159.89 Meg

 Total Signals          : 232
 Total Nets             : 309
 Total Signal Drivers   : 87
 Total Blocks           : 76
 Total Primitive Blocks : 41
 Total Processes        : 84
 Total Traceable Variables  : 56
 Total Scalar Nets and Variables : 851
Total Line Count : 135

 Total Simulation Time: 0.15625 sec

 Current Memory Usage: 5474.46 Meg

Thu Jul 16 20:07:37 2020

